Info: Starting: Create block symbol file (.bsf)
Info: ip-generate --project-directory=C:/Users/Roberto/Desktop/master/quartus_project/ --output-directory=C:/Users/Roberto/Desktop/master/quartus_project/qsys_system/ --report-file=bsf:C:/Users/Roberto/Desktop/master/quartus_project/qsys_system.bsf --system-info=DEVICE_FAMILY="Cyclone II" --system-info=DEVICE=EP2C35F672C6 --system-info=DEVICE_SPEEDGRADE=6 --component-file=C:/Users/Roberto/Desktop/master/quartus_project/qsys_system.qsys
Progress: Loading quartus_project/qsys_system.qsys
Progress: Reading input file
Progress: Adding clk [clock_source 13.0]
Progress: Parameterizing module clk
Progress: Adding nios2 [altera_nios2_qsys 13.0]
Progress: Parameterizing module nios2
Progress: Adding jtag_uart_0 [altera_avalon_jtag_uart 13.0.1.99.2]
Progress: Parameterizing module jtag_uart_0
Progress: Adding onchip_memory2_0 [altera_avalon_onchip_memory2 13.0.1.99.2]
Progress: Parameterizing module onchip_memory2_0
Progress: Adding sdram [altera_avalon_new_sdram_controller 13.0.1.99.2]
Progress: Parameterizing module sdram
Progress: Adding pll [altera_up_clocks 13.0]
Progress: Parameterizing module pll
Progress: Adding matriz [matriz_avalon_interface 1.0]
Progress: Parameterizing module matriz
Progress: Adding esp8266 [fifoed_avalon_uart 13.1]
Progress: Parameterizing module esp8266
Progress: Building connections
Progress: Parameterizing connections
Progress: Validating
Progress: Done reading input file
Info: ip-generate succeeded.
Info: Finished: Create block symbol file (.bsf)
Info: 
Info: Starting: Create HDL design files for synthesis
Info: ip-generate --project-directory=C:/Users/Roberto/Desktop/master/quartus_project/ --output-directory=C:/Users/Roberto/Desktop/master/quartus_project/qsys_system/synthesis/ --file-set=QUARTUS_SYNTH --report-file=sopcinfo:C:/Users/Roberto/Desktop/master/quartus_project/qsys_system.sopcinfo --report-file=html:C:/Users/Roberto/Desktop/master/quartus_project/qsys_system.html --report-file=qip:C:/Users/Roberto/Desktop/master/quartus_project/qsys_system/synthesis/qsys_system.qip --report-file=cmp:C:/Users/Roberto/Desktop/master/quartus_project/qsys_system.cmp --report-file=svd --system-info=DEVICE_FAMILY="Cyclone II" --system-info=DEVICE=EP2C35F672C6 --system-info=DEVICE_SPEEDGRADE=6 --component-file=C:/Users/Roberto/Desktop/master/quartus_project/qsys_system.qsys --language=VERILOG
Progress: Loading quartus_project/qsys_system.qsys
Progress: Reading input file
Progress: Adding clk [clock_source 13.0]
Progress: Parameterizing module clk
Progress: Adding nios2 [altera_nios2_qsys 13.0]
Progress: Parameterizing module nios2
Progress: Adding jtag_uart_0 [altera_avalon_jtag_uart 13.0.1.99.2]
Progress: Parameterizing module jtag_uart_0
Progress: Adding onchip_memory2_0 [altera_avalon_onchip_memory2 13.0.1.99.2]
Progress: Parameterizing module onchip_memory2_0
Progress: Adding sdram [altera_avalon_new_sdram_controller 13.0.1.99.2]
Progress: Parameterizing module sdram
Progress: Adding pll [altera_up_clocks 13.0]
Progress: Parameterizing module pll
Progress: Adding matriz [matriz_avalon_interface 1.0]
Progress: Parameterizing module matriz
Progress: Adding esp8266 [fifoed_avalon_uart 13.1]
Progress: Parameterizing module esp8266
Progress: Building connections
Progress: Parameterizing connections
Progress: Validating
Progress: Done reading input file
Info: qsys_system: Generating qsys_system "qsys_system" for QUARTUS_SYNTH
Info: pipeline_bridge_swap_transform: After transform: 8 modules, 31 connections
Info: No custom instruction connections, skipping transform 
Info: merlin_translator_transform: After transform: 16 modules, 60 connections
Info: merlin_domain_transform: After transform: 32 modules, 151 connections
Info: merlin_router_transform: After transform: 40 modules, 180 connections
Info: merlin_burst_transform: After transform: 41 modules, 183 connections
Info: reset_adaptation_transform: After transform: 43 modules, 162 connections
Info: merlin_network_to_switch_transform: After transform: 58 modules, 200 connections
Info: merlin_width_transform: After transform: 60 modules, 206 connections
Info: merlin_mm_transform: After transform: 60 modules, 206 connections
Info: merlin_interrupt_mapper_transform: After transform: 61 modules, 209 connections
Warning: qsys_system: "No matching role found for rst_controller:reset_out:reset_req (reset_req)"
Warning: qsys_system: "No matching role found for rst_controller:reset_out:reset_req (reset_req)"
Warning: qsys_system: "No matching role found for rst_controller:reset_out:reset_req (reset_req)"
Warning: qsys_system: "No matching role found for rst_controller:reset_out:reset_req (reset_req)"
Warning: qsys_system: "No matching role found for rst_controller:reset_out:reset_req (reset_req)"
Warning: qsys_system: "No matching role found for rst_controller:reset_out:reset_req (reset_req)"
Warning: qsys_system: "No matching role found for rst_controller:reset_out:reset_req (reset_req)"
Warning: qsys_system: "No matching role found for rst_controller:reset_out:reset_req (reset_req)"
Warning: qsys_system: "No matching role found for rst_controller:reset_out:reset_req (reset_req)"
Warning: qsys_system: "No matching role found for rst_controller:reset_out:reset_req (reset_req)"
Warning: qsys_system: "No matching role found for rst_controller:reset_out:reset_req (reset_req)"
Warning: qsys_system: "No matching role found for rst_controller:reset_out:reset_req (reset_req)"
Warning: qsys_system: "No matching role found for rst_controller:reset_out:reset_req (reset_req)"
Warning: qsys_system: "No matching role found for rst_controller:reset_out:reset_req (reset_req)"
Warning: qsys_system: "No matching role found for rst_controller:reset_out:reset_req (reset_req)"
Warning: qsys_system: "No matching role found for rst_controller:reset_out:reset_req (reset_req)"
Warning: qsys_system: "No matching role found for rst_controller:reset_out:reset_req (reset_req)"
Warning: qsys_system: "No matching role found for rst_controller:reset_out:reset_req (reset_req)"
Warning: qsys_system: "No matching role found for rst_controller:reset_out:reset_req (reset_req)"
Warning: qsys_system: "No matching role found for rst_controller:reset_out:reset_req (reset_req)"
Warning: qsys_system: "No matching role found for rst_controller:reset_out:reset_req (reset_req)"
Warning: qsys_system: "No matching role found for rst_controller:reset_out:reset_req (reset_req)"
Warning: qsys_system: "No matching role found for rst_controller:reset_out:reset_req (reset_req)"
Warning: qsys_system: "No matching role found for rst_controller:reset_out:reset_req (reset_req)"
Warning: qsys_system: "No matching role found for rst_controller:reset_out:reset_req (reset_req)"
Warning: qsys_system: "No matching role found for rst_controller:reset_out:reset_req (reset_req)"
Warning: qsys_system: "No matching role found for rst_controller:reset_out:reset_req (reset_req)"
Warning: qsys_system: "No matching role found for rst_controller:reset_out:reset_req (reset_req)"
Warning: qsys_system: "No matching role found for rst_controller:reset_out:reset_req (reset_req)"
Warning: qsys_system: "No matching role found for rst_controller:reset_out:reset_req (reset_req)"
Warning: qsys_system: "No matching role found for rst_controller:reset_out:reset_req (reset_req)"
Info: nios2: Starting RTL generation for module 'qsys_system_nios2'
Info: nios2:   Generation command is [exec C:/altera/13.0sp1/quartus/../ip/altera/nios2_ip/altera_nios2/eperl.exe -I C:/altera/13.0sp1/quartus/common/ip/altera/common/perl/5.8.3 -I C:/altera/13.0sp1/quartus/sopc_builder/bin/europa -I C:/altera/13.0sp1/quartus/sopc_builder/bin/perl_lib -I C:/altera/13.0sp1/quartus/sopc_builder/bin -I C:/altera/13.0sp1/quartus/../ip/altera/nios2_ip/altera_nios2/cpu_lib -I C:/altera/13.0sp1/quartus/../ip/altera/nios2_ip/altera_nios2/nios_lib -I C:/altera/13.0sp1/quartus/../ip/altera/nios2_ip/altera_nios2 -I C:/altera/13.0sp1/quartus/../ip/altera/nios2_ip/altera_nios2 -- C:/altera/13.0sp1/quartus/../ip/altera/nios2_ip/altera_nios2/generate_rtl.epl --name=qsys_system_nios2 --dir=C:/Users/Roberto/AppData/Local/Temp/alt7022_8680543026056063525.dir/0001_nios2_gen/ --quartus_dir=C:/altera/13.0sp1/quartus --verilog --config=C:/Users/Roberto/AppData/Local/Temp/alt7022_8680543026056063525.dir/0001_nios2_gen//qsys_system_nios2_processor_configuration.pl  --do_build_sim=0    --bogus  ]
Info: nios2: # 2016.08.09 13:21:18 (*) Starting Nios II generation
Info: nios2: # 2016.08.09 13:21:18 (*)   Checking for plaintext license.
Info: nios2: # 2016.08.09 13:21:19 (*)   Couldn't query license setup in Quartus directory C:/altera/13.0sp1/quartus
Info: nios2: # 2016.08.09 13:21:19 (*)   Defaulting to contents of LM_LICENSE_FILE environment variable
Info: nios2: # 2016.08.09 13:21:19 (*)   LM_LICENSE_FILE environment variable is empty
Info: nios2: # 2016.08.09 13:21:19 (*)   Plaintext license not found.
Info: nios2: # 2016.08.09 13:21:19 (*)   No license required to generate encrypted Nios II/e.
Info: nios2: # 2016.08.09 13:21:19 (*)   Elaborating CPU configuration settings
Info: nios2: # 2016.08.09 13:21:19 (*)   Creating all objects for CPU
Info: nios2: # 2016.08.09 13:21:21 (*)   Generating RTL from CPU objects
Info: nios2: # 2016.08.09 13:21:21 (*)   Creating plain-text RTL
Info: nios2: # 2016.08.09 13:21:25 (*) Done Nios II generation
Info: nios2: Done RTL generation for module 'qsys_system_nios2'
Info: nios2: "qsys_system" instantiated altera_nios2_qsys "nios2"
Info: jtag_uart_0: Starting RTL generation for module 'qsys_system_jtag_uart_0'
Info: jtag_uart_0:   Generation command is [exec C:/altera/13.0sp1/quartus/bin/perl/bin/perl.exe -I C:/altera/13.0sp1/quartus/common/ip/altera/common/perl/5.8.3 -I C:/altera/13.0sp1/quartus/sopc_builder/bin/europa -I C:/altera/13.0sp1/quartus/sopc_builder/bin/perl_lib -I C:/altera/13.0sp1/quartus/sopc_builder/bin -I C:/altera/13.0sp1/quartus/../ip/altera/sopc_builder_ip/common -I C:/altera/13.0sp1/quartus/../ip/altera/sopc_builder_ip/altera_avalon_jtag_uart -- C:/altera/13.0sp1/quartus/../ip/altera/sopc_builder_ip/altera_avalon_jtag_uart/generate_rtl.pl --name=qsys_system_jtag_uart_0 --dir=C:/Users/Roberto/AppData/Local/Temp/alt7022_8680543026056063525.dir/0002_jtag_uart_0_gen/ --quartus_dir=C:/altera/13.0sp1/quartus --verilog --config=C:/Users/Roberto/AppData/Local/Temp/alt7022_8680543026056063525.dir/0002_jtag_uart_0_gen//qsys_system_jtag_uart_0_component_configuration.pl  --do_build_sim=0  ]
Info: jtag_uart_0: Done RTL generation for module 'qsys_system_jtag_uart_0'
Info: jtag_uart_0: "qsys_system" instantiated altera_avalon_jtag_uart "jtag_uart_0"
Info: onchip_memory2_0: Starting RTL generation for module 'qsys_system_onchip_memory2_0'
Info: onchip_memory2_0:   Generation command is [exec C:/altera/13.0sp1/quartus/bin/perl/bin/perl.exe -I C:/altera/13.0sp1/quartus/common/ip/altera/common/perl/5.8.3 -I C:/altera/13.0sp1/quartus/sopc_builder/bin/europa -I C:/altera/13.0sp1/quartus/sopc_builder/bin/perl_lib -I C:/altera/13.0sp1/quartus/sopc_builder/bin -I C:/altera/13.0sp1/quartus/../ip/altera/sopc_builder_ip/common -I C:/altera/13.0sp1/quartus/../ip/altera/sopc_builder_ip/altera_avalon_onchip_memory2 -- C:/altera/13.0sp1/quartus/../ip/altera/sopc_builder_ip/altera_avalon_onchip_memory2/generate_rtl.pl --name=qsys_system_onchip_memory2_0 --dir=C:/Users/Roberto/AppData/Local/Temp/alt7022_8680543026056063525.dir/0003_onchip_memory2_0_gen/ --quartus_dir=C:/altera/13.0sp1/quartus --verilog --config=C:/Users/Roberto/AppData/Local/Temp/alt7022_8680543026056063525.dir/0003_onchip_memory2_0_gen//qsys_system_onchip_memory2_0_component_configuration.pl  --do_build_sim=0  ]
Info: onchip_memory2_0: Done RTL generation for module 'qsys_system_onchip_memory2_0'
Info: onchip_memory2_0: "qsys_system" instantiated altera_avalon_onchip_memory2 "onchip_memory2_0"
Info: sdram: Starting RTL generation for module 'qsys_system_sdram'
Info: sdram:   Generation command is [exec C:/altera/13.0sp1/quartus/bin/perl/bin/perl.exe -I C:/altera/13.0sp1/quartus/common/ip/altera/common/perl/5.8.3 -I C:/altera/13.0sp1/quartus/sopc_builder/bin/europa -I C:/altera/13.0sp1/quartus/sopc_builder/bin/perl_lib -I C:/altera/13.0sp1/quartus/sopc_builder/bin -I C:/altera/13.0sp1/quartus/../ip/altera/sopc_builder_ip/common -I C:/altera/13.0sp1/quartus/../ip/altera/sopc_builder_ip/altera_avalon_new_sdram_controller -- C:/altera/13.0sp1/quartus/../ip/altera/sopc_builder_ip/altera_avalon_new_sdram_controller/generate_rtl.pl --name=qsys_system_sdram --dir=C:/Users/Roberto/AppData/Local/Temp/alt7022_8680543026056063525.dir/0004_sdram_gen/ --quartus_dir=C:/altera/13.0sp1/quartus --verilog --config=C:/Users/Roberto/AppData/Local/Temp/alt7022_8680543026056063525.dir/0004_sdram_gen//qsys_system_sdram_component_configuration.pl  --do_build_sim=0  ]
Info: sdram: Done RTL generation for module 'qsys_system_sdram'
Info: sdram: "qsys_system" instantiated altera_avalon_new_sdram_controller "sdram"
Info: pll: Starting Generation of Required Clocks for DE-Series Boards
Info: pll: "qsys_system" instantiated altera_up_clocks "pll"
Info: matriz: "qsys_system" instantiated matriz_avalon_interface "matriz"
Info: esp8266: Starting FIFOed UART Generation at C:/altera/13.0sp1/ip/uart/fifoed_avalon_uart
Info: esp8266: Starting RTL generation for module 'qsys_system_esp8266'
Info: esp8266:   Generation command is [exec C:/altera/13.0sp1/quartus/bin/perl/bin/perl.exe -I C:/altera/13.0sp1/quartus/common/ip/altera/common/perl/5.8.3 -I C:/altera/13.0sp1/quartus/sopc_builder/bin/europa -I C:/altera/13.0sp1/quartus/sopc_builder/bin/perl_lib -I C:/altera/13.0sp1/quartus/sopc_builder/bin -I C:/altera/13.0sp1/quartus/../ip/altera/sopc_builder_ip/common -I C:/altera/13.0sp1/ip/uart/fifoed_avalon_uart -- C:/altera/13.0sp1/ip/uart/fifoed_avalon_uart/generate_rtl.pl --name=qsys_system_esp8266 --dir=C:/Users/Roberto/AppData/Local/Temp/alt7022_8680543026056063525.dir/0007_esp8266_gen/ --quartus_dir=C:/altera/13.0sp1/quartus --verilog --config=C:/Users/Roberto/AppData/Local/Temp/alt7022_8680543026056063525.dir/0007_esp8266_gen//qsys_system_esp8266_component_configuration.pl  --do_build_sim=0  ]
Info: esp8266: Done RTL generation for module 'qsys_system_esp8266'
Info: esp8266: "qsys_system" instantiated fifoed_avalon_uart "esp8266"
Info: nios2_instruction_master_translator: "qsys_system" instantiated altera_merlin_master_translator "nios2_instruction_master_translator"
Info: nios2_jtag_debug_module_translator: "qsys_system" instantiated altera_merlin_slave_translator "nios2_jtag_debug_module_translator"
Info: nios2_instruction_master_translator_avalon_universal_master_0_agent: "qsys_system" instantiated altera_merlin_master_agent "nios2_instruction_master_translator_avalon_universal_master_0_agent"
Info: nios2_jtag_debug_module_translator_avalon_universal_slave_0_agent: "qsys_system" instantiated altera_merlin_slave_agent "nios2_jtag_debug_module_translator_avalon_universal_slave_0_agent"
Info: nios2_jtag_debug_module_translator_avalon_universal_slave_0_agent_rsp_fifo: "qsys_system" instantiated altera_avalon_sc_fifo "nios2_jtag_debug_module_translator_avalon_universal_slave_0_agent_rsp_fifo"
Info: addr_router: "qsys_system" instantiated altera_merlin_router "addr_router"
Info: addr_router_001: "qsys_system" instantiated altera_merlin_router "addr_router_001"
Info: id_router: "qsys_system" instantiated altera_merlin_router "id_router"
Info: id_router_002: "qsys_system" instantiated altera_merlin_router "id_router_002"
Info: id_router_005: "qsys_system" instantiated altera_merlin_router "id_router_005"
Info: burst_adapter: "qsys_system" instantiated altera_merlin_burst_adapter "burst_adapter"
Info: rst_controller: "qsys_system" instantiated altera_reset_controller "rst_controller"
Info: cmd_xbar_demux: "qsys_system" instantiated altera_merlin_demultiplexer "cmd_xbar_demux"
Info: cmd_xbar_demux_001: "qsys_system" instantiated altera_merlin_demultiplexer "cmd_xbar_demux_001"
Info: cmd_xbar_mux: "qsys_system" instantiated altera_merlin_multiplexer "cmd_xbar_mux"
Info: rsp_xbar_demux: "qsys_system" instantiated altera_merlin_demultiplexer "rsp_xbar_demux"
Info: rsp_xbar_demux_005: "qsys_system" instantiated altera_merlin_demultiplexer "rsp_xbar_demux_005"
Info: rsp_xbar_mux: "qsys_system" instantiated altera_merlin_multiplexer "rsp_xbar_mux"
Info: Reusing file C:/Users/Roberto/Desktop/master/quartus_project/qsys_system/synthesis/submodules/altera_merlin_arbitrator.sv
Info: rsp_xbar_mux_001: "qsys_system" instantiated altera_merlin_multiplexer "rsp_xbar_mux_001"
Info: Reusing file C:/Users/Roberto/Desktop/master/quartus_project/qsys_system/synthesis/submodules/altera_merlin_arbitrator.sv
Info: width_adapter: "qsys_system" instantiated altera_merlin_width_adapter "width_adapter"
Info: Reusing file C:/Users/Roberto/Desktop/master/quartus_project/qsys_system/synthesis/submodules/altera_merlin_address_alignment.sv
Info: Reusing file C:/Users/Roberto/Desktop/master/quartus_project/qsys_system/synthesis/submodules/altera_merlin_burst_uncompressor.sv
Info: irq_mapper: "qsys_system" instantiated altera_irq_mapper "irq_mapper"
Info: qsys_system: Done qsys_system" with 29 modules, 88 files, 1789195 bytes
Info: ip-generate succeeded.
Info: Finished: Create HDL design files for synthesis
