Flow report for InterfaceSimulation
Thu Sep 29 13:04:16 2016
Quartus II 64-Bit Version 13.0.1 Build 232 06/12/2013 Service Pack 1 SJ Web Edition


---------------------
; Table of Contents ;
---------------------
  1. Legal Notice
  2. Flow Summary
  3. Flow Settings
  4. Flow Non-Default Global Settings
  5. Flow Elapsed Time
  6. Flow OS Summary
  7. Flow Log
  8. Flow Messages
  9. Flow Suppressed Messages



----------------
; Legal Notice ;
----------------
Copyright (C) 1991-2013 Altera Corporation
Your use of Altera Corporation's design tools, logic functions 
and other software and tools, and its AMPP partner logic 
functions, and any output files from any of the foregoing 
(including device programming or simulation files), and any 
associated documentation or information are expressly subject 
to the terms and conditions of the Altera Program License 
Subscription Agreement, Altera MegaCore Function License 
Agreement, or other applicable license agreement, including, 
without limitation, that your use is for the sole purpose of 
programming logic devices manufactured by Altera and sold by 
Altera or its authorized distributors.  Please refer to the 
applicable agreement for further details.



+--------------------------------------------------------------------------------------+
; Flow Summary                                                                         ;
+------------------------------------+-------------------------------------------------+
; Flow Status                        ; Successful - Thu Sep 29 13:04:16 2016           ;
; Quartus II 64-Bit Version          ; 13.0.1 Build 232 06/12/2013 SP 1 SJ Web Edition ;
; Revision Name                      ; InterfaceSimulation                             ;
; Top-level Entity Name              ; matriz_interface                                ;
; Family                             ; Cyclone II                                      ;
; Device                             ; EP2C35F672C6                                    ;
; Timing Models                      ; Final                                           ;
; Total logic elements               ; 2,748 / 33,216 ( 8 % )                          ;
;     Total combinational functions  ; 2,689 / 33,216 ( 8 % )                          ;
;     Dedicated logic registers      ; 757 / 33,216 ( 2 % )                            ;
; Total registers                    ; 757                                             ;
; Total pins                         ; 85 / 475 ( 18 % )                               ;
; Total virtual pins                 ; 0                                               ;
; Total memory bits                  ; 0 / 483,840 ( 0 % )                             ;
; Embedded Multiplier 9-bit elements ; 0 / 70 ( 0 % )                                  ;
; Total PLLs                         ; 0 / 4 ( 0 % )                                   ;
+------------------------------------+-------------------------------------------------+


+-----------------------------------------+
; Flow Settings                           ;
+-------------------+---------------------+
; Option            ; Setting             ;
+-------------------+---------------------+
; Start date & time ; 09/29/2016 13:03:26 ;
; Main task         ; Compilation         ;
; Revision Name     ; InterfaceSimulation ;
+-------------------+---------------------+


+--------------------------------------------------------------------------------------------------------------------------------+
; Flow Non-Default Global Settings                                                                                               ;
+-------------------------------------+--------------------------------+---------------------+------------------+----------------+
; Assignment Name                     ; Value                          ; Default Value       ; Entity Name      ; Section Id     ;
+-------------------------------------+--------------------------------+---------------------+------------------+----------------+
; COMPILER_SIGNATURE_ID               ; 35775006504153.147516500603832 ; --                  ; --               ; --             ;
; EDA_OUTPUT_DATA_FORMAT              ; Vhdl                           ; --                  ; --               ; eda_simulation ;
; EDA_SIMULATION_TOOL                 ; ModelSim-Altera (VHDL)         ; <None>              ; --               ; --             ;
; EDA_TIME_SCALE                      ; 1 ps                           ; --                  ; --               ; eda_simulation ;
; MAX_CORE_JUNCTION_TEMP              ; 85                             ; --                  ; --               ; --             ;
; MIN_CORE_JUNCTION_TEMP              ; 0                              ; --                  ; --               ; --             ;
; PARTITION_COLOR                     ; 16764057                       ; --                  ; matriz_interface ; Top            ;
; PARTITION_FITTER_PRESERVATION_LEVEL ; PLACEMENT_AND_ROUTING          ; --                  ; matriz_interface ; Top            ;
; PARTITION_NETLIST_TYPE              ; SOURCE                         ; --                  ; matriz_interface ; Top            ;
; PROJECT_OUTPUT_DIRECTORY            ; output_files                   ; --                  ; --               ; --             ;
; TOP_LEVEL_ENTITY                    ; matriz_interface               ; InterfaceSimulation ; --               ; --             ;
+-------------------------------------+--------------------------------+---------------------+------------------+----------------+


+-------------------------------------------------------------------------------------------------------------------------------+
; Flow Elapsed Time                                                                                                             ;
+---------------------------+--------------+-------------------------+---------------------+------------------------------------+
; Module Name               ; Elapsed Time ; Average Processors Used ; Peak Virtual Memory ; Total CPU Time (on all processors) ;
+---------------------------+--------------+-------------------------+---------------------+------------------------------------+
; Analysis & Synthesis      ; 00:00:07     ; 1.0                     ; 506 MB              ; 00:00:07                           ;
; Fitter                    ; 00:00:31     ; 1.0                     ; 693 MB              ; 00:00:31                           ;
; Assembler                 ; 00:00:03     ; 1.0                     ; 429 MB              ; 00:00:03                           ;
; TimeQuest Timing Analyzer ; 00:00:01     ; 1.0                     ; 430 MB              ; 00:00:02                           ;
; EDA Netlist Writer        ; 00:00:03     ; 1.0                     ; 419 MB              ; 00:00:03                           ;
; Total                     ; 00:00:45     ; --                      ; --                  ; 00:00:46                           ;
+---------------------------+--------------+-------------------------+---------------------+------------------------------------+


+----------------------------------------------------------------------------------------+
; Flow OS Summary                                                                        ;
+---------------------------+------------------+-----------+------------+----------------+
; Module Name               ; Machine Hostname ; OS Name   ; OS Version ; Processor type ;
+---------------------------+------------------+-----------+------------+----------------+
; Analysis & Synthesis      ; RobertoNote      ; Windows 7 ; 6.2        ; x86_64         ;
; Fitter                    ; RobertoNote      ; Windows 7 ; 6.2        ; x86_64         ;
; Assembler                 ; RobertoNote      ; Windows 7 ; 6.2        ; x86_64         ;
; TimeQuest Timing Analyzer ; RobertoNote      ; Windows 7 ; 6.2        ; x86_64         ;
; EDA Netlist Writer        ; RobertoNote      ; Windows 7 ; 6.2        ; x86_64         ;
+---------------------------+------------------+-----------+------------+----------------+


------------
; Flow Log ;
------------
quartus_map --read_settings_files=on --write_settings_files=off InterfaceSimulation -c InterfaceSimulation
quartus_fit --read_settings_files=off --write_settings_files=off InterfaceSimulation -c InterfaceSimulation
quartus_asm --read_settings_files=off --write_settings_files=off InterfaceSimulation -c InterfaceSimulation
quartus_sta InterfaceSimulation -c InterfaceSimulation
quartus_eda --read_settings_files=off --write_settings_files=off InterfaceSimulation -c InterfaceSimulation



