Analysis & Synthesis report for SoC
Wed Sep 28 10:11:25 2016
Quartus II 32-bit Version 13.0.1 Build 232 06/12/2013 Service Pack 1 SJ Web Edition


---------------------
; Table of Contents ;
---------------------
  1. Legal Notice
  2. Analysis & Synthesis Summary
  3. Analysis & Synthesis Settings
  4. Parallel Compilation
  5. Analysis & Synthesis Messages
  6. Analysis & Synthesis Suppressed Messages



----------------
; Legal Notice ;
----------------
Copyright (C) 1991-2013 Altera Corporation
Your use of Altera Corporation's design tools, logic functions 
and other software and tools, and its AMPP partner logic 
functions, and any output files from any of the foregoing 
(including device programming or simulation files), and any 
associated documentation or information are expressly subject 
to the terms and conditions of the Altera Program License 
Subscription Agreement, Altera MegaCore Function License 
Agreement, or other applicable license agreement, including, 
without limitation, that your use is for the sole purpose of 
programming logic devices manufactured by Altera and sold by 
Altera or its authorized distributors.  Please refer to the 
applicable agreement for further details.



+--------------------------------------------------------------------------------------+
; Analysis & Synthesis Summary                                                         ;
+------------------------------------+-------------------------------------------------+
; Analysis & Synthesis Status        ; Failed - Wed Sep 28 10:11:25 2016               ;
; Quartus II 32-bit Version          ; 13.0.1 Build 232 06/12/2013 SP 1 SJ Web Edition ;
; Revision Name                      ; SoC                                             ;
; Top-level Entity Name              ; SystemExample                                   ;
; Family                             ; Cyclone II                                      ;
; Total logic elements               ; N/A until Partition Merge                       ;
;     Total combinational functions  ; N/A until Partition Merge                       ;
;     Dedicated logic registers      ; N/A until Partition Merge                       ;
; Total registers                    ; N/A until Partition Merge                       ;
; Total pins                         ; N/A until Partition Merge                       ;
; Total virtual pins                 ; N/A until Partition Merge                       ;
; Total memory bits                  ; N/A until Partition Merge                       ;
; Embedded Multiplier 9-bit elements ; N/A until Partition Merge                       ;
; Total PLLs                         ; N/A until Partition Merge                       ;
+------------------------------------+-------------------------------------------------+


+----------------------------------------------------------------------------------------------------------------------+
; Analysis & Synthesis Settings                                                                                        ;
+----------------------------------------------------------------------------+--------------------+--------------------+
; Option                                                                     ; Setting            ; Default Value      ;
+----------------------------------------------------------------------------+--------------------+--------------------+
; Device                                                                     ; EP2C35F672C6       ;                    ;
; Top-level entity name                                                      ; SystemExample      ; SoC                ;
; Family name                                                                ; Cyclone II         ; Cyclone IV GX      ;
; Use smart compilation                                                      ; Off                ; Off                ;
; Enable parallel Assembler and TimeQuest Timing Analyzer during compilation ; On                 ; On                 ;
; Enable compact report table                                                ; Off                ; Off                ;
; Restructure Multiplexers                                                   ; Auto               ; Auto               ;
; Create Debugging Nodes for IP Cores                                        ; Off                ; Off                ;
; Preserve fewer node names                                                  ; On                 ; On                 ;
; Disable OpenCore Plus hardware evaluation                                  ; Off                ; Off                ;
; Verilog Version                                                            ; Verilog_2001       ; Verilog_2001       ;
; VHDL Version                                                               ; VHDL_1993          ; VHDL_1993          ;
; State Machine Processing                                                   ; Auto               ; Auto               ;
; Safe State Machine                                                         ; Off                ; Off                ;
; Extract Verilog State Machines                                             ; On                 ; On                 ;
; Extract VHDL State Machines                                                ; On                 ; On                 ;
; Ignore Verilog initial constructs                                          ; Off                ; Off                ;
; Iteration limit for constant Verilog loops                                 ; 5000               ; 5000               ;
; Iteration limit for non-constant Verilog loops                             ; 250                ; 250                ;
; Add Pass-Through Logic to Inferred RAMs                                    ; On                 ; On                 ;
; Infer RAMs from Raw Logic                                                  ; On                 ; On                 ;
; Parallel Synthesis                                                         ; On                 ; On                 ;
; DSP Block Balancing                                                        ; Auto               ; Auto               ;
; NOT Gate Push-Back                                                         ; On                 ; On                 ;
; Power-Up Don't Care                                                        ; On                 ; On                 ;
; Remove Redundant Logic Cells                                               ; Off                ; Off                ;
; Remove Duplicate Registers                                                 ; On                 ; On                 ;
; Ignore CARRY Buffers                                                       ; Off                ; Off                ;
; Ignore CASCADE Buffers                                                     ; Off                ; Off                ;
; Ignore GLOBAL Buffers                                                      ; Off                ; Off                ;
; Ignore ROW GLOBAL Buffers                                                  ; Off                ; Off                ;
; Ignore LCELL Buffers                                                       ; Off                ; Off                ;
; Ignore SOFT Buffers                                                        ; On                 ; On                 ;
; Limit AHDL Integers to 32 Bits                                             ; Off                ; Off                ;
; Optimization Technique                                                     ; Balanced           ; Balanced           ;
; Carry Chain Length                                                         ; 70                 ; 70                 ;
; Auto Carry Chains                                                          ; On                 ; On                 ;
; Auto Open-Drain Pins                                                       ; On                 ; On                 ;
; Perform WYSIWYG Primitive Resynthesis                                      ; Off                ; Off                ;
; Auto ROM Replacement                                                       ; On                 ; On                 ;
; Auto RAM Replacement                                                       ; On                 ; On                 ;
; Auto Shift Register Replacement                                            ; Auto               ; Auto               ;
; Allow Shift Register Merging across Hierarchies                            ; Auto               ; Auto               ;
; Auto Clock Enable Replacement                                              ; On                 ; On                 ;
; Strict RAM Replacement                                                     ; Off                ; Off                ;
; Allow Synchronous Control Signals                                          ; On                 ; On                 ;
; Force Use of Synchronous Clear Signals                                     ; Off                ; Off                ;
; Auto RAM to Logic Cell Conversion                                          ; Off                ; Off                ;
; Auto Resource Sharing                                                      ; Off                ; Off                ;
; Allow Any RAM Size For Recognition                                         ; Off                ; Off                ;
; Allow Any ROM Size For Recognition                                         ; Off                ; Off                ;
; Allow Any Shift Register Size For Recognition                              ; Off                ; Off                ;
; Use LogicLock Constraints during Resource Balancing                        ; On                 ; On                 ;
; Ignore translate_off and synthesis_off directives                          ; Off                ; Off                ;
; Timing-Driven Synthesis                                                    ; Off                ; Off                ;
; Report Parameter Settings                                                  ; On                 ; On                 ;
; Report Source Assignments                                                  ; On                 ; On                 ;
; Report Connectivity Checks                                                 ; On                 ; On                 ;
; Ignore Maximum Fan-Out Assignments                                         ; Off                ; Off                ;
; Synchronization Register Chain Length                                      ; 2                  ; 2                  ;
; PowerPlay Power Optimization                                               ; Normal compilation ; Normal compilation ;
; HDL message level                                                          ; Level2             ; Level2             ;
; Suppress Register Optimization Related Messages                            ; Off                ; Off                ;
; Number of Removed Registers Reported in Synthesis Report                   ; 5000               ; 5000               ;
; Number of Swept Nodes Reported in Synthesis Report                         ; 5000               ; 5000               ;
; Number of Inverted Registers Reported in Synthesis Report                  ; 100                ; 100                ;
; Clock MUX Protection                                                       ; On                 ; On                 ;
; Auto Gated Clock Conversion                                                ; Off                ; Off                ;
; Block Design Naming                                                        ; Auto               ; Auto               ;
; SDC constraint protection                                                  ; Off                ; Off                ;
; Synthesis Effort                                                           ; Auto               ; Auto               ;
; Shift Register Replacement - Allow Asynchronous Clear Signal               ; On                 ; On                 ;
; Pre-Mapping Resynthesis Optimization                                       ; Off                ; Off                ;
; Analysis & Synthesis Message Level                                         ; Medium             ; Medium             ;
; Disable Register Merging Across Hierarchies                                ; Auto               ; Auto               ;
; Resource Aware Inference For Block RAM                                     ; On                 ; On                 ;
; Synthesis Seed                                                             ; 1                  ; 1                  ;
+----------------------------------------------------------------------------+--------------------+--------------------+


Parallel compilation was disabled, but you have multiple processors available. Enable parallel compilation to reduce compilation time.
+-------------------------------------+
; Parallel Compilation                ;
+----------------------------+--------+
; Processors                 ; Number ;
+----------------------------+--------+
; Number detected on machine ; 4      ;
; Maximum allowed            ; 1      ;
+----------------------------+--------+


+-------------------------------+
; Analysis & Synthesis Messages ;
+-------------------------------+
Info: *******************************************************************
Info: Running Quartus II 32-bit Analysis & Synthesis
    Info: Version 13.0.1 Build 232 06/12/2013 Service Pack 1 SJ Web Edition
    Info: Processing started: Wed Sep 28 10:10:55 2016
Info: Command: quartus_map --read_settings_files=on --write_settings_files=off SoC -c SoC
Warning (20028): Parallel compilation is not licensed and has been disabled
Info (12248): Elaborating Qsys system entity "qsys_system.qsys"
Info (12250): 2016.09.28.10:11:00 Progress: Loading atual2-simulacao/qsys_system.qsys
Info (12250): 2016.09.28.10:11:00 Progress: Reading input file
Info (12250): 2016.09.28.10:11:00 Progress: Adding clk [clock_source 13.0]
Info (12250): 2016.09.28.10:11:01 Progress: Parameterizing module clk
Info (12250): 2016.09.28.10:11:01 Progress: Adding nios2 [altera_nios2_qsys 13.0]
Info (12250): 2016.09.28.10:11:02 Progress: Parameterizing module nios2
Info (12250): 2016.09.28.10:11:02 Progress: Adding jtag_uart_0 [altera_avalon_jtag_uart 13.0.1.99.2]
Info (12250): 2016.09.28.10:11:02 Progress: Parameterizing module jtag_uart_0
Info (12250): 2016.09.28.10:11:02 Progress: Adding onchip_memory2_0 [altera_avalon_onchip_memory2 13.0.1.99.2]
Info (12250): 2016.09.28.10:11:02 Progress: Parameterizing module onchip_memory2_0
Info (12250): 2016.09.28.10:11:02 Progress: Adding sdram [altera_avalon_new_sdram_controller 13.0.1.99.2]
Info (12250): 2016.09.28.10:11:02 Progress: Parameterizing module sdram
Info (12250): 2016.09.28.10:11:02 Progress: Adding pll [altera_up_clocks 13.0]
Info (12250): 2016.09.28.10:11:02 Progress: Parameterizing module pll
Info (12250): 2016.09.28.10:11:02 Progress: Adding matriz [matriz_avalon_interface 1.0]
Info (12250): 2016.09.28.10:11:03 Progress: Parameterizing module matriz
Info (12250): 2016.09.28.10:11:03 Progress: Adding esp8266 [fifoed_avalon_uart 13.2]
Info (12250): 2016.09.28.10:11:03 Progress: Parameterizing module esp8266
Info (12250): 2016.09.28.10:11:03 Progress: Building connections
Info (12250): 2016.09.28.10:11:03 Progress: Parameterizing connections
Info (12250): 2016.09.28.10:11:03 Progress: Validating
Info (12250): 2016.09.28.10:11:04 Progress: Done reading input file
Info (12250): Qsys_system: Generating qsys_system "qsys_system" for QUARTUS_SYNTH
Info (12250): Pipeline_bridge_swap_transform: After transform: 5 modules, 20 connections
Info (12250): No custom instruction connections, skipping transform 
Info (12250): Merlin_translator_transform: After transform: 11 modules, 43 connections
Info (12250): Merlin_domain_transform: After transform: 22 modules, 111 connections
Info (12250): Merlin_router_transform: After transform: 28 modules, 134 connections
Info (12250): Reset_adaptation_transform: After transform: 30 modules, 113 connections
Info (12250): Merlin_network_to_switch_transform: After transform: 41 modules, 139 connections
Info (12250): Merlin_mm_transform: After transform: 41 modules, 139 connections
Info (12250): Merlin_interrupt_mapper_transform: After transform: 42 modules, 142 connections
Warning (12251): Qsys_system: "No matching role found for rst_controller:reset_out:reset_req (reset_req)"
Warning (12251): Qsys_system: "No matching role found for rst_controller:reset_out:reset_req (reset_req)"
Warning (12251): Qsys_system: "No matching role found for rst_controller:reset_out:reset_req (reset_req)"
Warning (12251): Qsys_system: "No matching role found for rst_controller:reset_out:reset_req (reset_req)"
Warning (12251): Qsys_system: "No matching role found for rst_controller:reset_out:reset_req (reset_req)"
Warning (12251): Qsys_system: "No matching role found for rst_controller:reset_out:reset_req (reset_req)"
Warning (12251): Qsys_system: "No matching role found for rst_controller:reset_out:reset_req (reset_req)"
Warning (12251): Qsys_system: "No matching role found for rst_controller:reset_out:reset_req (reset_req)"
Warning (12251): Qsys_system: "No matching role found for rst_controller:reset_out:reset_req (reset_req)"
Warning (12251): Qsys_system: "No matching role found for rst_controller:reset_out:reset_req (reset_req)"
Warning (12251): Qsys_system: "No matching role found for rst_controller:reset_out:reset_req (reset_req)"
Warning (12251): Qsys_system: "No matching role found for rst_controller:reset_out:reset_req (reset_req)"
Warning (12251): Qsys_system: "No matching role found for rst_controller:reset_out:reset_req (reset_req)"
Warning (12251): Qsys_system: "No matching role found for rst_controller:reset_out:reset_req (reset_req)"
Warning (12251): Qsys_system: "No matching role found for rst_controller:reset_out:reset_req (reset_req)"
Warning (12251): Qsys_system: "No matching role found for rst_controller:reset_out:reset_req (reset_req)"
Warning (12251): Qsys_system: "No matching role found for rst_controller:reset_out:reset_req (reset_req)"
Warning (12251): Qsys_system: "No matching role found for rst_controller:reset_out:reset_req (reset_req)"
Warning (12251): Qsys_system: "No matching role found for rst_controller:reset_out:reset_req (reset_req)"
Warning (12251): Qsys_system: "No matching role found for rst_controller:reset_out:reset_req (reset_req)"
Warning (12251): Qsys_system: "No matching role found for rst_controller:reset_out:reset_req (reset_req)"
Warning (12251): Qsys_system: "No matching role found for rst_controller:reset_out:reset_req (reset_req)"
Warning (12251): Qsys_system: "No matching role found for rst_controller:reset_out:reset_req (reset_req)"
Warning (12251): Qsys_system: "No matching role found for rst_controller:reset_out:reset_req (reset_req)"
Warning (12251): Qsys_system: "No matching role found for rst_controller:reset_out:reset_req (reset_req)"
Warning (12251): Qsys_system: "No matching role found for rst_controller:reset_out:reset_req (reset_req)"
Warning (12251): Qsys_system: "No matching role found for rst_controller:reset_out:reset_req (reset_req)"
Warning (12251): Qsys_system: "No matching role found for rst_controller:reset_out:reset_req (reset_req)"
Warning (12251): Qsys_system: "No matching role found for rst_controller:reset_out:reset_req (reset_req)"
Warning (12251): Qsys_system: "No matching role found for rst_controller:reset_out:reset_req (reset_req)"
Warning (12251): Qsys_system: "No matching role found for rst_controller:reset_out:reset_req (reset_req)"
Info (12250): Nios2: Starting RTL generation for module 'qsys_system_nios2'
Info (12250): Nios2:   Generation command is [exec /home/roberto/altera/13.0sp1/quartus/../ip/altera/nios2_ip/altera_nios2/eperl -I /home/roberto/altera/13.0sp1/quartus/common/ip/altera/common/perl/5.8.3 -I /home/roberto/altera/13.0sp1/quartus/sopc_builder/bin/europa -I /home/roberto/altera/13.0sp1/quartus/sopc_builder/bin/perl_lib -I /home/roberto/altera/13.0sp1/quartus/sopc_builder/bin -I /home/roberto/altera/13.0sp1/quartus/../ip/altera/nios2_ip/altera_nios2/cpu_lib -I /home/roberto/altera/13.0sp1/quartus/../ip/altera/nios2_ip/altera_nios2/nios_lib -I /home/roberto/altera/13.0sp1/quartus/../ip/altera/nios2_ip/altera_nios2 -I /home/roberto/altera/13.0sp1/quartus/../ip/altera/nios2_ip/altera_nios2 -- /home/roberto/altera/13.0sp1/quartus/../ip/altera/nios2_ip/altera_nios2/generate_rtl.epl --name=qsys_system_nios2 --dir=/tmp/alt7072_3324775101049575894.dir/0001_nios2_gen/ --quartus_dir=/home/roberto/altera/13.0sp1/quartus --verilog --config=/tmp/alt7072_3324775101049575894.dir/0001_nios2_gen//qsys_system_nios2_processor_configuration.pl  --do_build_sim=0    --bogus  ]
Info (12250): Nios2: # 2016.09.28 10:11:09 (*) Starting Nios II generation
Info (12250): Nios2: # 2016.09.28 10:11:09 (*)   Checking for plaintext license.
Info (12250): Nios2: # 2016.09.28 10:11:10 (*)   Couldn't query license setup in Quartus directory /home/roberto/altera/13.0sp1/quartus
Info (12250): Nios2: # 2016.09.28 10:11:10 (*)   Defaulting to contents of LM_LICENSE_FILE environment variable
Info (12250): Nios2: # 2016.09.28 10:11:10 (*)   LM_LICENSE_FILE environment variable is empty
Info (12250): Nios2: # 2016.09.28 10:11:10 (*)   Plaintext license not found.
Info (12250): Nios2: # 2016.09.28 10:11:10 (*)   No license required to generate encrypted Nios II/e.
Info (12250): Nios2: # 2016.09.28 10:11:10 (*)   Elaborating CPU configuration settings
Info (12250): Nios2: # 2016.09.28 10:11:10 (*)   Creating all objects for CPU
Info (12250): Nios2: # 2016.09.28 10:11:12 (*)   Generating RTL from CPU objects
Info (12250): Nios2: # 2016.09.28 10:11:12 (*)   Creating plain-text RTL
Info (12250): Nios2: # 2016.09.28 10:11:16 (*) Done Nios II generation
Info (12250): Nios2: Done RTL generation for module 'qsys_system_nios2'
Info (12250): Nios2: "qsys_system" instantiated altera_nios2_qsys "nios2"
Info (12250): Jtag_uart_0: Starting RTL generation for module 'qsys_system_jtag_uart_0'
Info (12250): Jtag_uart_0:   Generation command is [exec /home/roberto/altera/13.0sp1/quartus/linux/perl/bin/perl -I /home/roberto/altera/13.0sp1/quartus/common/ip/altera/common/perl/5.8.3 -I /home/roberto/altera/13.0sp1/quartus/sopc_builder/bin/europa -I /home/roberto/altera/13.0sp1/quartus/sopc_builder/bin/perl_lib -I /home/roberto/altera/13.0sp1/quartus/sopc_builder/bin -I /home/roberto/altera/13.0sp1/quartus/../ip/altera/sopc_builder_ip/common -I /home/roberto/altera/13.0sp1/quartus/../ip/altera/sopc_builder_ip/altera_avalon_jtag_uart -- /home/roberto/altera/13.0sp1/quartus/../ip/altera/sopc_builder_ip/altera_avalon_jtag_uart/generate_rtl.pl --name=qsys_system_jtag_uart_0 --dir=/tmp/alt7072_3324775101049575894.dir/0002_jtag_uart_0_gen/ --quartus_dir=/home/roberto/altera/13.0sp1/quartus --verilog --config=/tmp/alt7072_3324775101049575894.dir/0002_jtag_uart_0_gen//qsys_system_jtag_uart_0_component_configuration.pl  --do_build_sim=0  ]
Info (12250): Jtag_uart_0: Done RTL generation for module 'qsys_system_jtag_uart_0'
Info (12250): Jtag_uart_0: "qsys_system" instantiated altera_avalon_jtag_uart "jtag_uart_0"
Info (12250): Onchip_memory2_0: Starting RTL generation for module 'qsys_system_onchip_memory2_0'
Info (12250): Onchip_memory2_0:   Generation command is [exec /home/roberto/altera/13.0sp1/quartus/linux/perl/bin/perl -I /home/roberto/altera/13.0sp1/quartus/common/ip/altera/common/perl/5.8.3 -I /home/roberto/altera/13.0sp1/quartus/sopc_builder/bin/europa -I /home/roberto/altera/13.0sp1/quartus/sopc_builder/bin/perl_lib -I /home/roberto/altera/13.0sp1/quartus/sopc_builder/bin -I /home/roberto/altera/13.0sp1/quartus/../ip/altera/sopc_builder_ip/common -I /home/roberto/altera/13.0sp1/quartus/../ip/altera/sopc_builder_ip/altera_avalon_onchip_memory2 -- /home/roberto/altera/13.0sp1/quartus/../ip/altera/sopc_builder_ip/altera_avalon_onchip_memory2/generate_rtl.pl --name=qsys_system_onchip_memory2_0 --dir=/tmp/alt7072_3324775101049575894.dir/0003_onchip_memory2_0_gen/ --quartus_dir=/home/roberto/altera/13.0sp1/quartus --verilog --config=/tmp/alt7072_3324775101049575894.dir/0003_onchip_memory2_0_gen//qsys_system_onchip_memory2_0_component_configuration.pl  --do_build_sim=0  ]
Info (12250): Onchip_memory2_0: Done RTL generation for module 'qsys_system_onchip_memory2_0'
Info (12250): Onchip_memory2_0: "qsys_system" instantiated altera_avalon_onchip_memory2 "onchip_memory2_0"
Info (12250): Matriz: "qsys_system" instantiated matriz_avalon_interface "matriz"
Info (12250): Nios2_instruction_master_translator: "qsys_system" instantiated altera_merlin_master_translator "nios2_instruction_master_translator"
Info (12250): Nios2_jtag_debug_module_translator: "qsys_system" instantiated altera_merlin_slave_translator "nios2_jtag_debug_module_translator"
Info (12250): Nios2_instruction_master_translator_avalon_universal_master_0_agent: "qsys_system" instantiated altera_merlin_master_agent "nios2_instruction_master_translator_avalon_universal_master_0_agent"
Info (12250): Nios2_jtag_debug_module_translator_avalon_universal_slave_0_agent: "qsys_system" instantiated altera_merlin_slave_agent "nios2_jtag_debug_module_translator_avalon_universal_slave_0_agent"
Info (12250): Nios2_jtag_debug_module_translator_avalon_universal_slave_0_agent_rsp_fifo: "qsys_system" instantiated altera_avalon_sc_fifo "nios2_jtag_debug_module_translator_avalon_universal_slave_0_agent_rsp_fifo"
Info (12250): Addr_router: "qsys_system" instantiated altera_merlin_router "addr_router"
Info (12250): Addr_router_001: "qsys_system" instantiated altera_merlin_router "addr_router_001"
Info (12250): Id_router: "qsys_system" instantiated altera_merlin_router "id_router"
Info (12250): Id_router_003: "qsys_system" instantiated altera_merlin_router "id_router_003"
Info (12250): Rst_controller: "qsys_system" instantiated altera_reset_controller "rst_controller"
Info (12250): Cmd_xbar_demux: "qsys_system" instantiated altera_merlin_demultiplexer "cmd_xbar_demux"
Info (12250): Cmd_xbar_demux_001: "qsys_system" instantiated altera_merlin_demultiplexer "cmd_xbar_demux_001"
Info (12250): Cmd_xbar_mux: "qsys_system" instantiated altera_merlin_multiplexer "cmd_xbar_mux"
Info (12250): Rsp_xbar_demux: "qsys_system" instantiated altera_merlin_demultiplexer "rsp_xbar_demux"
Info (12250): Rsp_xbar_demux_003: "qsys_system" instantiated altera_merlin_demultiplexer "rsp_xbar_demux_003"
Info (12250): Rsp_xbar_mux: "qsys_system" instantiated altera_merlin_multiplexer "rsp_xbar_mux"
Info (12250): Reusing file /home/roberto/dev/soc-quartus/atual2-simulacao/db/ip/qsys_system/submodules/altera_merlin_arbitrator.sv
Info (12250): Rsp_xbar_mux_001: "qsys_system" instantiated altera_merlin_multiplexer "rsp_xbar_mux_001"
Info (12250): Reusing file /home/roberto/dev/soc-quartus/atual2-simulacao/db/ip/qsys_system/submodules/altera_merlin_arbitrator.sv
Info (12250): Irq_mapper: "qsys_system" instantiated altera_irq_mapper "irq_mapper"
Info (12250): Qsys_system: Done qsys_system" with 23 modules, 62 files, 1104689 bytes
Info (12249): Finished elaborating Qsys system entity "qsys_system.qsys"
Info (12021): Found 2 design units, including 1 entities, in source file SoC.vhd
    Info (12022): Found design unit 1: SoC-SoC_arch
    Info (12023): Found entity 1: SoC
Info (12021): Found 2 design units, including 1 entities, in source file matriz_avalon_interface.vhd
    Info (12022): Found design unit 1: matriz_avalon_interface-matriz_avalon_interface_arch
    Info (12023): Found entity 1: matriz_avalon_interface
Info (12021): Found 2 design units, including 1 entities, in source file matriz_interface.vhd
    Info (12022): Found design unit 1: matriz_interface-matriz_interface_arch
    Info (12023): Found entity 1: matriz_interface
Info (12021): Found 2 design units, including 1 entities, in source file temporizador.vhd
    Info (12022): Found design unit 1: temporizador-behavioral
    Info (12023): Found entity 1: temporizador
Info (12021): Found 2 design units, including 1 entities, in source file timer_pwm.vhd
    Info (12022): Found design unit 1: timer_pwm-behavioral
    Info (12023): Found entity 1: timer_pwm
Info (12021): Found 2 design units, including 1 entities, in source file reg.vhd
    Info (12022): Found design unit 1: reg-reg_arch
    Info (12023): Found entity 1: reg
Info (12021): Found 2 design units, including 1 entities, in source file matriz.vhd
    Info (12022): Found design unit 1: matriz-matriz_arch
    Info (12023): Found entity 1: matriz
Info (12021): Found 2 design units, including 1 entities, in source file register_data_width.vhd
    Info (12022): Found design unit 1: register_data_width-behavioral
    Info (12023): Found entity 1: register_data_width
Info (12021): Found 2 design units, including 1 entities, in source file MotorMatrixControl.vhd
    Info (12022): Found design unit 1: MotorMatrixControl-structural
    Info (12023): Found entity 1: MotorMatrixControl
Info (12021): Found 2 design units, including 1 entities, in source file motor_fsm.vhd
    Info (12022): Found design unit 1: motor_fsm-behavioral
    Info (12023): Found entity 1: motor_fsm
Info (12021): Found 2 design units, including 1 entities, in source file motor.vhd
    Info (12022): Found design unit 1: motor-structural
    Info (12023): Found entity 1: motor
Info (12021): Found 2 design units, including 1 entities, in source file fsm_commands.vhd
    Info (12022): Found design unit 1: fsm_commands-behavioral
    Info (12023): Found entity 1: fsm_commands
Info (12021): Found 2 design units, including 1 entities, in source file SystemExample.vhd
    Info (12022): Found design unit 1: SystemExample-SystemExample_arch
    Info (12023): Found entity 1: SystemExample
Info (12021): Found 1 design units, including 1 entities, in source file db/ip/qsys_system/qsys_system.v
    Info (12023): Found entity 1: qsys_system
Info (12021): Found 1 design units, including 1 entities, in source file db/ip/qsys_system/submodules/altera_avalon_sc_fifo.v
    Info (12023): Found entity 1: altera_avalon_sc_fifo
Info (12021): Found 2 design units, including 2 entities, in source file db/ip/qsys_system/submodules/altera_merlin_arbitrator.sv
    Info (12023): Found entity 1: altera_merlin_arbitrator
    Info (12023): Found entity 2: altera_merlin_arb_adder
Info (12021): Found 1 design units, including 1 entities, in source file db/ip/qsys_system/submodules/altera_merlin_burst_uncompressor.sv
    Info (12023): Found entity 1: altera_merlin_burst_uncompressor
Info (12021): Found 1 design units, including 1 entities, in source file db/ip/qsys_system/submodules/altera_merlin_master_agent.sv
    Info (12023): Found entity 1: altera_merlin_master_agent
Info (12021): Found 1 design units, including 1 entities, in source file db/ip/qsys_system/submodules/altera_merlin_master_translator.sv
    Info (12023): Found entity 1: altera_merlin_master_translator
Info (12021): Found 1 design units, including 1 entities, in source file db/ip/qsys_system/submodules/altera_merlin_slave_agent.sv
    Info (12023): Found entity 1: altera_merlin_slave_agent
Info (12021): Found 1 design units, including 1 entities, in source file db/ip/qsys_system/submodules/altera_merlin_slave_translator.sv
    Info (12023): Found entity 1: altera_merlin_slave_translator
Info (12021): Found 1 design units, including 1 entities, in source file db/ip/qsys_system/submodules/altera_reset_controller.v
    Info (12023): Found entity 1: altera_reset_controller
Info (12021): Found 1 design units, including 1 entities, in source file db/ip/qsys_system/submodules/altera_reset_synchronizer.v
    Info (12023): Found entity 1: altera_reset_synchronizer
Info (12021): Found 2 design units, including 1 entities, in source file db/ip/qsys_system/submodules/matriz_avalon_interface.vhd
    Info (12022): Found design unit 1: matriz_avalon_interface-matriz_avalon_interface_arch
    Info (12023): Found entity 1: matriz_avalon_interface
Info (12021): Found 2 design units, including 2 entities, in source file db/ip/qsys_system/submodules/qsys_system_addr_router.sv
    Info (12023): Found entity 1: qsys_system_addr_router_default_decode
    Info (12023): Found entity 2: qsys_system_addr_router
Info (12021): Found 2 design units, including 2 entities, in source file db/ip/qsys_system/submodules/qsys_system_addr_router_001.sv
    Info (12023): Found entity 1: qsys_system_addr_router_001_default_decode
    Info (12023): Found entity 2: qsys_system_addr_router_001
Info (12021): Found 1 design units, including 1 entities, in source file db/ip/qsys_system/submodules/qsys_system_cmd_xbar_demux.sv
    Info (12023): Found entity 1: qsys_system_cmd_xbar_demux
Info (12021): Found 1 design units, including 1 entities, in source file db/ip/qsys_system/submodules/qsys_system_cmd_xbar_demux_001.sv
    Info (12023): Found entity 1: qsys_system_cmd_xbar_demux_001
Info (12021): Found 1 design units, including 1 entities, in source file db/ip/qsys_system/submodules/qsys_system_cmd_xbar_mux.sv
    Info (12023): Found entity 1: qsys_system_cmd_xbar_mux
Info (12021): Found 2 design units, including 2 entities, in source file db/ip/qsys_system/submodules/qsys_system_id_router.sv
    Info (12023): Found entity 1: qsys_system_id_router_default_decode
    Info (12023): Found entity 2: qsys_system_id_router
Info (12021): Found 2 design units, including 2 entities, in source file db/ip/qsys_system/submodules/qsys_system_id_router_003.sv
    Info (12023): Found entity 1: qsys_system_id_router_003_default_decode
    Info (12023): Found entity 2: qsys_system_id_router_003
Info (12021): Found 1 design units, including 1 entities, in source file db/ip/qsys_system/submodules/qsys_system_irq_mapper.sv
    Info (12023): Found entity 1: qsys_system_irq_mapper
Info (12021): Found 5 design units, including 5 entities, in source file db/ip/qsys_system/submodules/qsys_system_jtag_uart_0.v
    Info (12023): Found entity 1: qsys_system_jtag_uart_0_sim_scfifo_w
    Info (12023): Found entity 2: qsys_system_jtag_uart_0_scfifo_w
    Info (12023): Found entity 3: qsys_system_jtag_uart_0_sim_scfifo_r
    Info (12023): Found entity 4: qsys_system_jtag_uart_0_scfifo_r
    Info (12023): Found entity 5: qsys_system_jtag_uart_0
Info (12021): Found 21 design units, including 21 entities, in source file db/ip/qsys_system/submodules/qsys_system_nios2.v
    Info (12023): Found entity 1: qsys_system_nios2_register_bank_a_module
    Info (12023): Found entity 2: qsys_system_nios2_register_bank_b_module
    Info (12023): Found entity 3: qsys_system_nios2_nios2_oci_debug
    Info (12023): Found entity 4: qsys_system_nios2_ociram_sp_ram_module
    Info (12023): Found entity 5: qsys_system_nios2_nios2_ocimem
    Info (12023): Found entity 6: qsys_system_nios2_nios2_avalon_reg
    Info (12023): Found entity 7: qsys_system_nios2_nios2_oci_break
    Info (12023): Found entity 8: qsys_system_nios2_nios2_oci_xbrk
    Info (12023): Found entity 9: qsys_system_nios2_nios2_oci_dbrk
    Info (12023): Found entity 10: qsys_system_nios2_nios2_oci_itrace
    Info (12023): Found entity 11: qsys_system_nios2_nios2_oci_td_mode
    Info (12023): Found entity 12: qsys_system_nios2_nios2_oci_dtrace
    Info (12023): Found entity 13: qsys_system_nios2_nios2_oci_compute_tm_count
    Info (12023): Found entity 14: qsys_system_nios2_nios2_oci_fifowp_inc
    Info (12023): Found entity 15: qsys_system_nios2_nios2_oci_fifocount_inc
    Info (12023): Found entity 16: qsys_system_nios2_nios2_oci_fifo
    Info (12023): Found entity 17: qsys_system_nios2_nios2_oci_pib
    Info (12023): Found entity 18: qsys_system_nios2_nios2_oci_im
    Info (12023): Found entity 19: qsys_system_nios2_nios2_performance_monitors
    Info (12023): Found entity 20: qsys_system_nios2_nios2_oci
    Info (12023): Found entity 21: qsys_system_nios2
Info (12021): Found 1 design units, including 1 entities, in source file db/ip/qsys_system/submodules/qsys_system_nios2_jtag_debug_module_sysclk.v
    Info (12023): Found entity 1: qsys_system_nios2_jtag_debug_module_sysclk
Info (12021): Found 1 design units, including 1 entities, in source file db/ip/qsys_system/submodules/qsys_system_nios2_jtag_debug_module_tck.v
    Info (12023): Found entity 1: qsys_system_nios2_jtag_debug_module_tck
Info (12021): Found 1 design units, including 1 entities, in source file db/ip/qsys_system/submodules/qsys_system_nios2_jtag_debug_module_wrapper.v
    Info (12023): Found entity 1: qsys_system_nios2_jtag_debug_module_wrapper
Info (12021): Found 1 design units, including 1 entities, in source file db/ip/qsys_system/submodules/qsys_system_nios2_oci_test_bench.v
    Info (12023): Found entity 1: qsys_system_nios2_oci_test_bench
Info (12021): Found 1 design units, including 1 entities, in source file db/ip/qsys_system/submodules/qsys_system_nios2_test_bench.v
    Info (12023): Found entity 1: qsys_system_nios2_test_bench
Info (12021): Found 1 design units, including 1 entities, in source file db/ip/qsys_system/submodules/qsys_system_onchip_memory2_0.v
    Info (12023): Found entity 1: qsys_system_onchip_memory2_0
Info (12021): Found 1 design units, including 1 entities, in source file db/ip/qsys_system/submodules/qsys_system_rsp_xbar_demux.sv
    Info (12023): Found entity 1: qsys_system_rsp_xbar_demux
Info (12021): Found 1 design units, including 1 entities, in source file db/ip/qsys_system/submodules/qsys_system_rsp_xbar_demux_003.sv
    Info (12023): Found entity 1: qsys_system_rsp_xbar_demux_003
Info (12021): Found 1 design units, including 1 entities, in source file db/ip/qsys_system/submodules/qsys_system_rsp_xbar_mux.sv
    Info (12023): Found entity 1: qsys_system_rsp_xbar_mux
Info (12021): Found 1 design units, including 1 entities, in source file db/ip/qsys_system/submodules/qsys_system_rsp_xbar_mux_001.sv
    Info (12023): Found entity 1: qsys_system_rsp_xbar_mux_001
Warning (10037): Verilog HDL or VHDL warning at qsys_system_nios2.v(1567): conditional expression evaluates to a constant
Warning (10037): Verilog HDL or VHDL warning at qsys_system_nios2.v(1569): conditional expression evaluates to a constant
Warning (10037): Verilog HDL or VHDL warning at qsys_system_nios2.v(1725): conditional expression evaluates to a constant
Warning (10037): Verilog HDL or VHDL warning at qsys_system_nios2.v(2553): conditional expression evaluates to a constant
Info (12127): Elaborating entity "SystemExample" for the top level hierarchy
Info (12128): Elaborating entity "qsys_system" for hierarchy "qsys_system:systemPortMap"
Info (12128): Elaborating entity "qsys_system_nios2" for hierarchy "qsys_system:systemPortMap|qsys_system_nios2:nios2"
Info (12128): Elaborating entity "qsys_system_nios2_test_bench" for hierarchy "qsys_system:systemPortMap|qsys_system_nios2:nios2|qsys_system_nios2_test_bench:the_qsys_system_nios2_test_bench"
Info (12128): Elaborating entity "qsys_system_nios2_register_bank_a_module" for hierarchy "qsys_system:systemPortMap|qsys_system_nios2:nios2|qsys_system_nios2_register_bank_a_module:qsys_system_nios2_register_bank_a"
Info (12128): Elaborating entity "altsyncram" for hierarchy "qsys_system:systemPortMap|qsys_system_nios2:nios2|qsys_system_nios2_register_bank_a_module:qsys_system_nios2_register_bank_a|altsyncram:the_altsyncram"
Info (12130): Elaborated megafunction instantiation "qsys_system:systemPortMap|qsys_system_nios2:nios2|qsys_system_nios2_register_bank_a_module:qsys_system_nios2_register_bank_a|altsyncram:the_altsyncram"
Info (12133): Instantiated megafunction "qsys_system:systemPortMap|qsys_system_nios2:nios2|qsys_system_nios2_register_bank_a_module:qsys_system_nios2_register_bank_a|altsyncram:the_altsyncram" with the following parameter:
    Info (12134): Parameter "address_reg_b" = "CLOCK0"
    Info (12134): Parameter "init_file" = "qsys_system_nios2_rf_ram_a.mif"
    Info (12134): Parameter "maximum_depth" = "0"
    Info (12134): Parameter "numwords_a" = "32"
    Info (12134): Parameter "numwords_b" = "32"
    Info (12134): Parameter "operation_mode" = "DUAL_PORT"
    Info (12134): Parameter "outdata_reg_b" = "UNREGISTERED"
    Info (12134): Parameter "ram_block_type" = "AUTO"
    Info (12134): Parameter "rdcontrol_reg_b" = "CLOCK0"
    Info (12134): Parameter "read_during_write_mode_mixed_ports" = "DONT_CARE"
    Info (12134): Parameter "width_a" = "32"
    Info (12134): Parameter "width_b" = "32"
    Info (12134): Parameter "widthad_a" = "5"
    Info (12134): Parameter "widthad_b" = "5"
Info (12021): Found 1 design units, including 1 entities, in source file db/altsyncram_6lg1.tdf
    Info (12023): Found entity 1: altsyncram_6lg1
Info (12128): Elaborating entity "altsyncram_6lg1" for hierarchy "qsys_system:systemPortMap|qsys_system_nios2:nios2|qsys_system_nios2_register_bank_a_module:qsys_system_nios2_register_bank_a|altsyncram:the_altsyncram|altsyncram_6lg1:auto_generated"
Info (12128): Elaborating entity "qsys_system_nios2_register_bank_b_module" for hierarchy "qsys_system:systemPortMap|qsys_system_nios2:nios2|qsys_system_nios2_register_bank_b_module:qsys_system_nios2_register_bank_b"
Info (12128): Elaborating entity "altsyncram" for hierarchy "qsys_system:systemPortMap|qsys_system_nios2:nios2|qsys_system_nios2_register_bank_b_module:qsys_system_nios2_register_bank_b|altsyncram:the_altsyncram"
Info (12130): Elaborated megafunction instantiation "qsys_system:systemPortMap|qsys_system_nios2:nios2|qsys_system_nios2_register_bank_b_module:qsys_system_nios2_register_bank_b|altsyncram:the_altsyncram"
Info (12133): Instantiated megafunction "qsys_system:systemPortMap|qsys_system_nios2:nios2|qsys_system_nios2_register_bank_b_module:qsys_system_nios2_register_bank_b|altsyncram:the_altsyncram" with the following parameter:
    Info (12134): Parameter "address_reg_b" = "CLOCK0"
    Info (12134): Parameter "init_file" = "qsys_system_nios2_rf_ram_b.mif"
    Info (12134): Parameter "maximum_depth" = "0"
    Info (12134): Parameter "numwords_a" = "32"
    Info (12134): Parameter "numwords_b" = "32"
    Info (12134): Parameter "operation_mode" = "DUAL_PORT"
    Info (12134): Parameter "outdata_reg_b" = "UNREGISTERED"
    Info (12134): Parameter "ram_block_type" = "AUTO"
    Info (12134): Parameter "rdcontrol_reg_b" = "CLOCK0"
    Info (12134): Parameter "read_during_write_mode_mixed_ports" = "DONT_CARE"
    Info (12134): Parameter "width_a" = "32"
    Info (12134): Parameter "width_b" = "32"
    Info (12134): Parameter "widthad_a" = "5"
    Info (12134): Parameter "widthad_b" = "5"
Info (12021): Found 1 design units, including 1 entities, in source file db/altsyncram_7lg1.tdf
    Info (12023): Found entity 1: altsyncram_7lg1
Info (12128): Elaborating entity "altsyncram_7lg1" for hierarchy "qsys_system:systemPortMap|qsys_system_nios2:nios2|qsys_system_nios2_register_bank_b_module:qsys_system_nios2_register_bank_b|altsyncram:the_altsyncram|altsyncram_7lg1:auto_generated"
Info (12128): Elaborating entity "qsys_system_nios2_nios2_oci" for hierarchy "qsys_system:systemPortMap|qsys_system_nios2:nios2|qsys_system_nios2_nios2_oci:the_qsys_system_nios2_nios2_oci"
Info (12128): Elaborating entity "qsys_system_nios2_nios2_oci_debug" for hierarchy "qsys_system:systemPortMap|qsys_system_nios2:nios2|qsys_system_nios2_nios2_oci:the_qsys_system_nios2_nios2_oci|qsys_system_nios2_nios2_oci_debug:the_qsys_system_nios2_nios2_oci_debug"
Info (12128): Elaborating entity "altera_std_synchronizer" for hierarchy "qsys_system:systemPortMap|qsys_system_nios2:nios2|qsys_system_nios2_nios2_oci:the_qsys_system_nios2_nios2_oci|qsys_system_nios2_nios2_oci_debug:the_qsys_system_nios2_nios2_oci_debug|altera_std_synchronizer:the_altera_std_synchronizer"
Info (12130): Elaborated megafunction instantiation "qsys_system:systemPortMap|qsys_system_nios2:nios2|qsys_system_nios2_nios2_oci:the_qsys_system_nios2_nios2_oci|qsys_system_nios2_nios2_oci_debug:the_qsys_system_nios2_nios2_oci_debug|altera_std_synchronizer:the_altera_std_synchronizer"
Info (12133): Instantiated megafunction "qsys_system:systemPortMap|qsys_system_nios2:nios2|qsys_system_nios2_nios2_oci:the_qsys_system_nios2_nios2_oci|qsys_system_nios2_nios2_oci_debug:the_qsys_system_nios2_nios2_oci_debug|altera_std_synchronizer:the_altera_std_synchronizer" with the following parameter:
    Info (12134): Parameter "depth" = "2"
Info (12128): Elaborating entity "qsys_system_nios2_nios2_ocimem" for hierarchy "qsys_system:systemPortMap|qsys_system_nios2:nios2|qsys_system_nios2_nios2_oci:the_qsys_system_nios2_nios2_oci|qsys_system_nios2_nios2_ocimem:the_qsys_system_nios2_nios2_ocimem"
Info (12128): Elaborating entity "qsys_system_nios2_ociram_sp_ram_module" for hierarchy "qsys_system:systemPortMap|qsys_system_nios2:nios2|qsys_system_nios2_nios2_oci:the_qsys_system_nios2_nios2_oci|qsys_system_nios2_nios2_ocimem:the_qsys_system_nios2_nios2_ocimem|qsys_system_nios2_ociram_sp_ram_module:qsys_system_nios2_ociram_sp_ram"
Info (12128): Elaborating entity "altsyncram" for hierarchy "qsys_system:systemPortMap|qsys_system_nios2:nios2|qsys_system_nios2_nios2_oci:the_qsys_system_nios2_nios2_oci|qsys_system_nios2_nios2_ocimem:the_qsys_system_nios2_nios2_ocimem|qsys_system_nios2_ociram_sp_ram_module:qsys_system_nios2_ociram_sp_ram|altsyncram:the_altsyncram"
Info (12130): Elaborated megafunction instantiation "qsys_system:systemPortMap|qsys_system_nios2:nios2|qsys_system_nios2_nios2_oci:the_qsys_system_nios2_nios2_oci|qsys_system_nios2_nios2_ocimem:the_qsys_system_nios2_nios2_ocimem|qsys_system_nios2_ociram_sp_ram_module:qsys_system_nios2_ociram_sp_ram|altsyncram:the_altsyncram"
Info (12133): Instantiated megafunction "qsys_system:systemPortMap|qsys_system_nios2:nios2|qsys_system_nios2_nios2_oci:the_qsys_system_nios2_nios2_oci|qsys_system_nios2_nios2_ocimem:the_qsys_system_nios2_nios2_ocimem|qsys_system_nios2_ociram_sp_ram_module:qsys_system_nios2_ociram_sp_ram|altsyncram:the_altsyncram" with the following parameter:
    Info (12134): Parameter "init_file" = "qsys_system_nios2_ociram_default_contents.mif"
    Info (12134): Parameter "maximum_depth" = "0"
    Info (12134): Parameter "numwords_a" = "256"
    Info (12134): Parameter "operation_mode" = "SINGLE_PORT"
    Info (12134): Parameter "outdata_reg_a" = "UNREGISTERED"
    Info (12134): Parameter "ram_block_type" = "AUTO"
    Info (12134): Parameter "width_a" = "32"
    Info (12134): Parameter "width_byteena_a" = "4"
    Info (12134): Parameter "widthad_a" = "8"
Info (12021): Found 1 design units, including 1 entities, in source file db/altsyncram_a281.tdf
    Info (12023): Found entity 1: altsyncram_a281
Info (12128): Elaborating entity "altsyncram_a281" for hierarchy "qsys_system:systemPortMap|qsys_system_nios2:nios2|qsys_system_nios2_nios2_oci:the_qsys_system_nios2_nios2_oci|qsys_system_nios2_nios2_ocimem:the_qsys_system_nios2_nios2_ocimem|qsys_system_nios2_ociram_sp_ram_module:qsys_system_nios2_ociram_sp_ram|altsyncram:the_altsyncram|altsyncram_a281:auto_generated"
Info (12128): Elaborating entity "qsys_system_nios2_nios2_avalon_reg" for hierarchy "qsys_system:systemPortMap|qsys_system_nios2:nios2|qsys_system_nios2_nios2_oci:the_qsys_system_nios2_nios2_oci|qsys_system_nios2_nios2_avalon_reg:the_qsys_system_nios2_nios2_avalon_reg"
Info (12128): Elaborating entity "qsys_system_nios2_nios2_oci_break" for hierarchy "qsys_system:systemPortMap|qsys_system_nios2:nios2|qsys_system_nios2_nios2_oci:the_qsys_system_nios2_nios2_oci|qsys_system_nios2_nios2_oci_break:the_qsys_system_nios2_nios2_oci_break"
Info (12128): Elaborating entity "qsys_system_nios2_nios2_oci_xbrk" for hierarchy "qsys_system:systemPortMap|qsys_system_nios2:nios2|qsys_system_nios2_nios2_oci:the_qsys_system_nios2_nios2_oci|qsys_system_nios2_nios2_oci_xbrk:the_qsys_system_nios2_nios2_oci_xbrk"
Info (12128): Elaborating entity "qsys_system_nios2_nios2_oci_dbrk" for hierarchy "qsys_system:systemPortMap|qsys_system_nios2:nios2|qsys_system_nios2_nios2_oci:the_qsys_system_nios2_nios2_oci|qsys_system_nios2_nios2_oci_dbrk:the_qsys_system_nios2_nios2_oci_dbrk"
Info (12128): Elaborating entity "qsys_system_nios2_nios2_oci_itrace" for hierarchy "qsys_system:systemPortMap|qsys_system_nios2:nios2|qsys_system_nios2_nios2_oci:the_qsys_system_nios2_nios2_oci|qsys_system_nios2_nios2_oci_itrace:the_qsys_system_nios2_nios2_oci_itrace"
Info (12128): Elaborating entity "qsys_system_nios2_nios2_oci_dtrace" for hierarchy "qsys_system:systemPortMap|qsys_system_nios2:nios2|qsys_system_nios2_nios2_oci:the_qsys_system_nios2_nios2_oci|qsys_system_nios2_nios2_oci_dtrace:the_qsys_system_nios2_nios2_oci_dtrace"
Info (12128): Elaborating entity "qsys_system_nios2_nios2_oci_td_mode" for hierarchy "qsys_system:systemPortMap|qsys_system_nios2:nios2|qsys_system_nios2_nios2_oci:the_qsys_system_nios2_nios2_oci|qsys_system_nios2_nios2_oci_dtrace:the_qsys_system_nios2_nios2_oci_dtrace|qsys_system_nios2_nios2_oci_td_mode:qsys_system_nios2_nios2_oci_trc_ctrl_td_mode"
Info (12128): Elaborating entity "qsys_system_nios2_nios2_oci_fifo" for hierarchy "qsys_system:systemPortMap|qsys_system_nios2:nios2|qsys_system_nios2_nios2_oci:the_qsys_system_nios2_nios2_oci|qsys_system_nios2_nios2_oci_fifo:the_qsys_system_nios2_nios2_oci_fifo"
Info (12128): Elaborating entity "qsys_system_nios2_nios2_oci_compute_tm_count" for hierarchy "qsys_system:systemPortMap|qsys_system_nios2:nios2|qsys_system_nios2_nios2_oci:the_qsys_system_nios2_nios2_oci|qsys_system_nios2_nios2_oci_fifo:the_qsys_system_nios2_nios2_oci_fifo|qsys_system_nios2_nios2_oci_compute_tm_count:qsys_system_nios2_nios2_oci_compute_tm_count_tm_count"
Info (12128): Elaborating entity "qsys_system_nios2_nios2_oci_fifowp_inc" for hierarchy "qsys_system:systemPortMap|qsys_system_nios2:nios2|qsys_system_nios2_nios2_oci:the_qsys_system_nios2_nios2_oci|qsys_system_nios2_nios2_oci_fifo:the_qsys_system_nios2_nios2_oci_fifo|qsys_system_nios2_nios2_oci_fifowp_inc:qsys_system_nios2_nios2_oci_fifowp_inc_fifowp"
Info (12128): Elaborating entity "qsys_system_nios2_nios2_oci_fifocount_inc" for hierarchy "qsys_system:systemPortMap|qsys_system_nios2:nios2|qsys_system_nios2_nios2_oci:the_qsys_system_nios2_nios2_oci|qsys_system_nios2_nios2_oci_fifo:the_qsys_system_nios2_nios2_oci_fifo|qsys_system_nios2_nios2_oci_fifocount_inc:qsys_system_nios2_nios2_oci_fifocount_inc_fifocount"
Info (12128): Elaborating entity "qsys_system_nios2_oci_test_bench" for hierarchy "qsys_system:systemPortMap|qsys_system_nios2:nios2|qsys_system_nios2_nios2_oci:the_qsys_system_nios2_nios2_oci|qsys_system_nios2_nios2_oci_fifo:the_qsys_system_nios2_nios2_oci_fifo|qsys_system_nios2_oci_test_bench:the_qsys_system_nios2_oci_test_bench"
Warning (12158): Entity "qsys_system_nios2_oci_test_bench" contains only dangling pins
Info (12128): Elaborating entity "qsys_system_nios2_nios2_oci_pib" for hierarchy "qsys_system:systemPortMap|qsys_system_nios2:nios2|qsys_system_nios2_nios2_oci:the_qsys_system_nios2_nios2_oci|qsys_system_nios2_nios2_oci_pib:the_qsys_system_nios2_nios2_oci_pib"
Info (12128): Elaborating entity "qsys_system_nios2_nios2_oci_im" for hierarchy "qsys_system:systemPortMap|qsys_system_nios2:nios2|qsys_system_nios2_nios2_oci:the_qsys_system_nios2_nios2_oci|qsys_system_nios2_nios2_oci_im:the_qsys_system_nios2_nios2_oci_im"
Info (12128): Elaborating entity "qsys_system_nios2_jtag_debug_module_wrapper" for hierarchy "qsys_system:systemPortMap|qsys_system_nios2:nios2|qsys_system_nios2_nios2_oci:the_qsys_system_nios2_nios2_oci|qsys_system_nios2_jtag_debug_module_wrapper:the_qsys_system_nios2_jtag_debug_module_wrapper"
Info (12128): Elaborating entity "qsys_system_nios2_jtag_debug_module_tck" for hierarchy "qsys_system:systemPortMap|qsys_system_nios2:nios2|qsys_system_nios2_nios2_oci:the_qsys_system_nios2_nios2_oci|qsys_system_nios2_jtag_debug_module_wrapper:the_qsys_system_nios2_jtag_debug_module_wrapper|qsys_system_nios2_jtag_debug_module_tck:the_qsys_system_nios2_jtag_debug_module_tck"
Info (12128): Elaborating entity "qsys_system_nios2_jtag_debug_module_sysclk" for hierarchy "qsys_system:systemPortMap|qsys_system_nios2:nios2|qsys_system_nios2_nios2_oci:the_qsys_system_nios2_nios2_oci|qsys_system_nios2_jtag_debug_module_wrapper:the_qsys_system_nios2_jtag_debug_module_wrapper|qsys_system_nios2_jtag_debug_module_sysclk:the_qsys_system_nios2_jtag_debug_module_sysclk"
Info (12128): Elaborating entity "sld_virtual_jtag_basic" for hierarchy "qsys_system:systemPortMap|qsys_system_nios2:nios2|qsys_system_nios2_nios2_oci:the_qsys_system_nios2_nios2_oci|qsys_system_nios2_jtag_debug_module_wrapper:the_qsys_system_nios2_jtag_debug_module_wrapper|sld_virtual_jtag_basic:qsys_system_nios2_jtag_debug_module_phy"
Info (12130): Elaborated megafunction instantiation "qsys_system:systemPortMap|qsys_system_nios2:nios2|qsys_system_nios2_nios2_oci:the_qsys_system_nios2_nios2_oci|qsys_system_nios2_jtag_debug_module_wrapper:the_qsys_system_nios2_jtag_debug_module_wrapper|sld_virtual_jtag_basic:qsys_system_nios2_jtag_debug_module_phy"
Info (12133): Instantiated megafunction "qsys_system:systemPortMap|qsys_system_nios2:nios2|qsys_system_nios2_nios2_oci:the_qsys_system_nios2_nios2_oci|qsys_system_nios2_jtag_debug_module_wrapper:the_qsys_system_nios2_jtag_debug_module_wrapper|sld_virtual_jtag_basic:qsys_system_nios2_jtag_debug_module_phy" with the following parameter:
    Info (12134): Parameter "sld_auto_instance_index" = "YES"
    Info (12134): Parameter "sld_instance_index" = "0"
    Info (12134): Parameter "sld_ir_width" = "2"
    Info (12134): Parameter "sld_mfg_id" = "70"
    Info (12134): Parameter "sld_sim_action" = ""
    Info (12134): Parameter "sld_sim_n_scan" = "0"
    Info (12134): Parameter "sld_sim_total_length" = "0"
    Info (12134): Parameter "sld_type_id" = "34"
    Info (12134): Parameter "sld_version" = "3"
Info (12128): Elaborating entity "sld_virtual_jtag_impl" for hierarchy "qsys_system:systemPortMap|qsys_system_nios2:nios2|qsys_system_nios2_nios2_oci:the_qsys_system_nios2_nios2_oci|qsys_system_nios2_jtag_debug_module_wrapper:the_qsys_system_nios2_jtag_debug_module_wrapper|sld_virtual_jtag_basic:qsys_system_nios2_jtag_debug_module_phy|sld_virtual_jtag_impl:sld_virtual_jtag_impl_inst"
Info (12131): Elaborated megafunction instantiation "qsys_system:systemPortMap|qsys_system_nios2:nios2|qsys_system_nios2_nios2_oci:the_qsys_system_nios2_nios2_oci|qsys_system_nios2_jtag_debug_module_wrapper:the_qsys_system_nios2_jtag_debug_module_wrapper|sld_virtual_jtag_basic:qsys_system_nios2_jtag_debug_module_phy|sld_virtual_jtag_impl:sld_virtual_jtag_impl_inst", which is child of megafunction instantiation "qsys_system:systemPortMap|qsys_system_nios2:nios2|qsys_system_nios2_nios2_oci:the_qsys_system_nios2_nios2_oci|qsys_system_nios2_jtag_debug_module_wrapper:the_qsys_system_nios2_jtag_debug_module_wrapper|sld_virtual_jtag_basic:qsys_system_nios2_jtag_debug_module_phy"
Info (12128): Elaborating entity "qsys_system_jtag_uart_0" for hierarchy "qsys_system:systemPortMap|qsys_system_jtag_uart_0:jtag_uart_0"
Info (12128): Elaborating entity "qsys_system_jtag_uart_0_scfifo_w" for hierarchy "qsys_system:systemPortMap|qsys_system_jtag_uart_0:jtag_uart_0|qsys_system_jtag_uart_0_scfifo_w:the_qsys_system_jtag_uart_0_scfifo_w"
Info (12128): Elaborating entity "scfifo" for hierarchy "qsys_system:systemPortMap|qsys_system_jtag_uart_0:jtag_uart_0|qsys_system_jtag_uart_0_scfifo_w:the_qsys_system_jtag_uart_0_scfifo_w|scfifo:wfifo"
Info (12130): Elaborated megafunction instantiation "qsys_system:systemPortMap|qsys_system_jtag_uart_0:jtag_uart_0|qsys_system_jtag_uart_0_scfifo_w:the_qsys_system_jtag_uart_0_scfifo_w|scfifo:wfifo"
Info (12133): Instantiated megafunction "qsys_system:systemPortMap|qsys_system_jtag_uart_0:jtag_uart_0|qsys_system_jtag_uart_0_scfifo_w:the_qsys_system_jtag_uart_0_scfifo_w|scfifo:wfifo" with the following parameter:
    Info (12134): Parameter "lpm_hint" = "RAM_BLOCK_TYPE=AUTO"
    Info (12134): Parameter "lpm_numwords" = "64"
    Info (12134): Parameter "lpm_showahead" = "OFF"
    Info (12134): Parameter "lpm_type" = "scfifo"
    Info (12134): Parameter "lpm_width" = "8"
    Info (12134): Parameter "lpm_widthu" = "6"
    Info (12134): Parameter "overflow_checking" = "OFF"
    Info (12134): Parameter "underflow_checking" = "OFF"
    Info (12134): Parameter "use_eab" = "ON"
Info (12021): Found 1 design units, including 1 entities, in source file db/scfifo_1n21.tdf
    Info (12023): Found entity 1: scfifo_1n21
Info (12128): Elaborating entity "scfifo_1n21" for hierarchy "qsys_system:systemPortMap|qsys_system_jtag_uart_0:jtag_uart_0|qsys_system_jtag_uart_0_scfifo_w:the_qsys_system_jtag_uart_0_scfifo_w|scfifo:wfifo|scfifo_1n21:auto_generated"
Info (12021): Found 1 design units, including 1 entities, in source file db/a_dpfifo_8t21.tdf
    Info (12023): Found entity 1: a_dpfifo_8t21
Info (12128): Elaborating entity "a_dpfifo_8t21" for hierarchy "qsys_system:systemPortMap|qsys_system_jtag_uart_0:jtag_uart_0|qsys_system_jtag_uart_0_scfifo_w:the_qsys_system_jtag_uart_0_scfifo_w|scfifo:wfifo|scfifo_1n21:auto_generated|a_dpfifo_8t21:dpfifo"
Info (12021): Found 1 design units, including 1 entities, in source file db/a_fefifo_7cf.tdf
    Info (12023): Found entity 1: a_fefifo_7cf
Info (12128): Elaborating entity "a_fefifo_7cf" for hierarchy "qsys_system:systemPortMap|qsys_system_jtag_uart_0:jtag_uart_0|qsys_system_jtag_uart_0_scfifo_w:the_qsys_system_jtag_uart_0_scfifo_w|scfifo:wfifo|scfifo_1n21:auto_generated|a_dpfifo_8t21:dpfifo|a_fefifo_7cf:fifo_state"
Info (12021): Found 1 design units, including 1 entities, in source file db/cntr_rj7.tdf
    Info (12023): Found entity 1: cntr_rj7
Info (12128): Elaborating entity "cntr_rj7" for hierarchy "qsys_system:systemPortMap|qsys_system_jtag_uart_0:jtag_uart_0|qsys_system_jtag_uart_0_scfifo_w:the_qsys_system_jtag_uart_0_scfifo_w|scfifo:wfifo|scfifo_1n21:auto_generated|a_dpfifo_8t21:dpfifo|a_fefifo_7cf:fifo_state|cntr_rj7:count_usedw"
Info (12021): Found 1 design units, including 1 entities, in source file db/dpram_5h21.tdf
    Info (12023): Found entity 1: dpram_5h21
Info (12128): Elaborating entity "dpram_5h21" for hierarchy "qsys_system:systemPortMap|qsys_system_jtag_uart_0:jtag_uart_0|qsys_system_jtag_uart_0_scfifo_w:the_qsys_system_jtag_uart_0_scfifo_w|scfifo:wfifo|scfifo_1n21:auto_generated|a_dpfifo_8t21:dpfifo|dpram_5h21:FIFOram"
Info (12021): Found 1 design units, including 1 entities, in source file db/altsyncram_9tl1.tdf
    Info (12023): Found entity 1: altsyncram_9tl1
Info (12128): Elaborating entity "altsyncram_9tl1" for hierarchy "qsys_system:systemPortMap|qsys_system_jtag_uart_0:jtag_uart_0|qsys_system_jtag_uart_0_scfifo_w:the_qsys_system_jtag_uart_0_scfifo_w|scfifo:wfifo|scfifo_1n21:auto_generated|a_dpfifo_8t21:dpfifo|dpram_5h21:FIFOram|altsyncram_9tl1:altsyncram2"
Info (12021): Found 1 design units, including 1 entities, in source file db/cntr_fjb.tdf
    Info (12023): Found entity 1: cntr_fjb
Info (12128): Elaborating entity "cntr_fjb" for hierarchy "qsys_system:systemPortMap|qsys_system_jtag_uart_0:jtag_uart_0|qsys_system_jtag_uart_0_scfifo_w:the_qsys_system_jtag_uart_0_scfifo_w|scfifo:wfifo|scfifo_1n21:auto_generated|a_dpfifo_8t21:dpfifo|cntr_fjb:rd_ptr_count"
Info (12128): Elaborating entity "qsys_system_jtag_uart_0_scfifo_r" for hierarchy "qsys_system:systemPortMap|qsys_system_jtag_uart_0:jtag_uart_0|qsys_system_jtag_uart_0_scfifo_r:the_qsys_system_jtag_uart_0_scfifo_r"
Info (12128): Elaborating entity "alt_jtag_atlantic" for hierarchy "qsys_system:systemPortMap|qsys_system_jtag_uart_0:jtag_uart_0|alt_jtag_atlantic:qsys_system_jtag_uart_0_alt_jtag_atlantic"
Info (12130): Elaborated megafunction instantiation "qsys_system:systemPortMap|qsys_system_jtag_uart_0:jtag_uart_0|alt_jtag_atlantic:qsys_system_jtag_uart_0_alt_jtag_atlantic"
Info (12133): Instantiated megafunction "qsys_system:systemPortMap|qsys_system_jtag_uart_0:jtag_uart_0|alt_jtag_atlantic:qsys_system_jtag_uart_0_alt_jtag_atlantic" with the following parameter:
    Info (12134): Parameter "INSTANCE_ID" = "0"
    Info (12134): Parameter "LOG2_RXFIFO_DEPTH" = "6"
    Info (12134): Parameter "LOG2_TXFIFO_DEPTH" = "6"
    Info (12134): Parameter "SLD_AUTO_INSTANCE_INDEX" = "YES"
Info (12128): Elaborating entity "qsys_system_onchip_memory2_0" for hierarchy "qsys_system:systemPortMap|qsys_system_onchip_memory2_0:onchip_memory2_0"
Info (12128): Elaborating entity "altsyncram" for hierarchy "qsys_system:systemPortMap|qsys_system_onchip_memory2_0:onchip_memory2_0|altsyncram:the_altsyncram"
Info (12130): Elaborated megafunction instantiation "qsys_system:systemPortMap|qsys_system_onchip_memory2_0:onchip_memory2_0|altsyncram:the_altsyncram"
Info (12133): Instantiated megafunction "qsys_system:systemPortMap|qsys_system_onchip_memory2_0:onchip_memory2_0|altsyncram:the_altsyncram" with the following parameter:
    Info (12134): Parameter "byte_size" = "8"
    Info (12134): Parameter "init_file" = "qsys_system_onchip_memory2_0.hex"
    Info (12134): Parameter "lpm_type" = "altsyncram"
    Info (12134): Parameter "maximum_depth" = "1024"
    Info (12134): Parameter "numwords_a" = "1024"
    Info (12134): Parameter "operation_mode" = "SINGLE_PORT"
    Info (12134): Parameter "outdata_reg_a" = "UNREGISTERED"
    Info (12134): Parameter "ram_block_type" = "AUTO"
    Info (12134): Parameter "read_during_write_mode_mixed_ports" = "DONT_CARE"
    Info (12134): Parameter "width_a" = "32"
    Info (12134): Parameter "width_byteena_a" = "4"
    Info (12134): Parameter "widthad_a" = "10"
Info (12021): Found 1 design units, including 1 entities, in source file db/altsyncram_2dd1.tdf
    Info (12023): Found entity 1: altsyncram_2dd1
Info (12128): Elaborating entity "altsyncram_2dd1" for hierarchy "qsys_system:systemPortMap|qsys_system_onchip_memory2_0:onchip_memory2_0|altsyncram:the_altsyncram|altsyncram_2dd1:auto_generated"
Info (12128): Elaborating entity "matriz_avalon_interface" for hierarchy "qsys_system:systemPortMap|matriz_avalon_interface:matriz"
Warning (10036): Verilog HDL or VHDL warning at matriz_avalon_interface.vhd(57): object "interrupt" assigned a value but never read
Warning (10036): Verilog HDL or VHDL warning at matriz_avalon_interface.vhd(57): object "bistOut" assigned a value but never read
Error (12077): Node instance "matriz" instantiated with unknown parameter "data_width" File: /home/roberto/dev/soc-quartus/atual2-simulacao/db/ip/qsys_system/qsys_system.v Line: 422
Error (12152): Can't elaborate user hierarchy "qsys_system:systemPortMap|matriz_avalon_interface:matriz" File: /home/roberto/dev/soc-quartus/atual2-simulacao/db/ip/qsys_system/qsys_system.v Line: 422
Info (144001): Generated suppressed messages file /home/roberto/dev/soc-quartus/atual2-simulacao/output_files/SoC.map.smsg
Error: Quartus II 32-bit Analysis & Synthesis was unsuccessful. 2 errors, 39 warnings
    Error: Peak virtual memory: 393 megabytes
    Error: Processing ended: Wed Sep 28 10:11:25 2016
    Error: Elapsed time: 00:00:30
    Error: Total CPU time (on all processors): 00:00:41


+------------------------------------------+
; Analysis & Synthesis Suppressed Messages ;
+------------------------------------------+
The suppressed messages can be found in /home/roberto/dev/soc-quartus/atual2-simulacao/output_files/SoC.map.smsg.


