Flow report for SoC
Tue Nov  8 14:16:14 2016
Quartus II 32-bit Version 13.0.1 Build 232 06/12/2013 Service Pack 1 SJ Web Edition


---------------------
; Table of Contents ;
---------------------
  1. Legal Notice
  2. Flow Summary
  3. Flow Settings
  4. Flow Non-Default Global Settings
  5. Flow Elapsed Time
  6. Flow OS Summary
  7. Flow Log
  8. Flow Messages
  9. Flow Suppressed Messages



----------------
; Legal Notice ;
----------------
Copyright (C) 1991-2013 Altera Corporation
Your use of Altera Corporation's design tools, logic functions 
and other software and tools, and its AMPP partner logic 
functions, and any output files from any of the foregoing 
(including device programming or simulation files), and any 
associated documentation or information are expressly subject 
to the terms and conditions of the Altera Program License 
Subscription Agreement, Altera MegaCore Function License 
Agreement, or other applicable license agreement, including, 
without limitation, that your use is for the sole purpose of 
programming logic devices manufactured by Altera and sold by 
Altera or its authorized distributors.  Please refer to the 
applicable agreement for further details.



+--------------------------------------------------------------------------------------+
; Flow Summary                                                                         ;
+------------------------------------+-------------------------------------------------+
; Flow Status                        ; Successful - Tue Nov  8 14:16:14 2016           ;
; Quartus II 32-bit Version          ; 13.0.1 Build 232 06/12/2013 SP 1 SJ Web Edition ;
; Revision Name                      ; SoC                                             ;
; Top-level Entity Name              ; SoC                                             ;
; Family                             ; Cyclone IV GX                                   ;
; Device                             ; EP4CGX150DF31C7                                 ;
; Timing Models                      ; Final                                           ;
; Total logic elements               ; 4,880 / 149,760 ( 3 % )                         ;
;     Total combinational functions  ; 4,737 / 149,760 ( 3 % )                         ;
;     Dedicated logic registers      ; 2,022 / 149,760 ( 1 % )                         ;
; Total registers                    ; 2022                                            ;
; Total pins                         ; 49 / 508 ( 10 % )                               ;
; Total virtual pins                 ; 0                                               ;
; Total memory bits                  ; 827,648 / 6,635,520 ( 12 % )                    ;
; Embedded Multiplier 9-bit elements ; 0 / 720 ( 0 % )                                 ;
; Total GXB Receiver Channel PCS     ; 0 / 8 ( 0 % )                                   ;
; Total GXB Receiver Channel PMA     ; 0 / 8 ( 0 % )                                   ;
; Total GXB Transmitter Channel PCS  ; 0 / 8 ( 0 % )                                   ;
; Total GXB Transmitter Channel PMA  ; 0 / 8 ( 0 % )                                   ;
; Total PLLs                         ; 0 / 8 ( 0 % )                                   ;
+------------------------------------+-------------------------------------------------+


+-----------------------------------------+
; Flow Settings                           ;
+-------------------+---------------------+
; Option            ; Setting             ;
+-------------------+---------------------+
; Start date & time ; 11/08/2016 14:13:13 ;
; Main task         ; Compilation         ;
; Revision Name     ; SoC                 ;
+-------------------+---------------------+


+-----------------------------------------------------------------------------------------------------------------+
; Flow Non-Default Global Settings                                                                                ;
+-------------------------------------+--------------------------------+---------------+-------------+------------+
; Assignment Name                     ; Value                          ; Default Value ; Entity Name ; Section Id ;
+-------------------------------------+--------------------------------+---------------+-------------+------------+
; COMPILER_SIGNATURE_ID               ; 35775006504153.147862519304512 ; --            ; --          ; --         ;
; EDA_SIMULATION_TOOL                 ; ModelSim-Altera (VHDL)         ; <None>        ; --          ; --         ;
; MAX_CORE_JUNCTION_TEMP              ; 85                             ; --            ; --          ; --         ;
; MIN_CORE_JUNCTION_TEMP              ; 0                              ; --            ; --          ; --         ;
; PARTITION_COLOR                     ; 16764057                       ; --            ; --          ; Top        ;
; PARTITION_FITTER_PRESERVATION_LEVEL ; PLACEMENT_AND_ROUTING          ; --            ; --          ; Top        ;
; PARTITION_NETLIST_TYPE              ; SOURCE                         ; --            ; --          ; Top        ;
; PROJECT_OUTPUT_DIRECTORY            ; output_files                   ; --            ; --          ; --         ;
+-------------------------------------+--------------------------------+---------------+-------------+------------+


+-------------------------------------------------------------------------------------------------------------------------------+
; Flow Elapsed Time                                                                                                             ;
+---------------------------+--------------+-------------------------+---------------------+------------------------------------+
; Module Name               ; Elapsed Time ; Average Processors Used ; Peak Virtual Memory ; Total CPU Time (on all processors) ;
+---------------------------+--------------+-------------------------+---------------------+------------------------------------+
; Analysis & Synthesis      ; 00:00:53     ; 1.0                     ; 470 MB              ; 00:01:05                           ;
; Fitter                    ; 00:01:12     ; 1.0                     ; 798 MB              ; 00:01:08                           ;
; Assembler                 ; 00:00:15     ; 1.0                     ; 395 MB              ; 00:00:14                           ;
; TimeQuest Timing Analyzer ; 00:00:09     ; 1.0                     ; 508 MB              ; 00:00:09                           ;
; EDA Netlist Writer        ; 00:00:13     ; 1.0                     ; 408 MB              ; 00:00:13                           ;
; Total                     ; 00:02:42     ; --                      ; --                  ; 00:02:49                           ;
+---------------------------+--------------+-------------------------+---------------------+------------------------------------+


+---------------------------------------------------------------------------------------------+
; Flow OS Summary                                                                             ;
+---------------------------+------------------+----------------+------------+----------------+
; Module Name               ; Machine Hostname ; OS Name        ; OS Version ; Processor type ;
+---------------------------+------------------+----------------+------------+----------------+
; Analysis & Synthesis      ; roberto          ; Ubuntu 14.04.5 ; 14         ; x86_64         ;
; Fitter                    ; roberto          ; Ubuntu 14.04.5 ; 14         ; x86_64         ;
; Assembler                 ; roberto          ; Ubuntu 14.04.5 ; 14         ; x86_64         ;
; TimeQuest Timing Analyzer ; roberto          ; Ubuntu 14.04.5 ; 14         ; x86_64         ;
; EDA Netlist Writer        ; roberto          ; Ubuntu 14.04.5 ; 14         ; x86_64         ;
+---------------------------+------------------+----------------+------------+----------------+


------------
; Flow Log ;
------------
quartus_map --read_settings_files=on --write_settings_files=off SoC -c SoC
quartus_fit --read_settings_files=off --write_settings_files=off SoC -c SoC
quartus_asm --read_settings_files=off --write_settings_files=off SoC -c SoC
quartus_sta SoC -c SoC
quartus_eda --read_settings_files=off --write_settings_files=off SoC -c SoC



