Flow report for SystemExample
Wed Sep 28 13:10:45 2016
Quartus II 32-bit Version 13.0.1 Build 232 06/12/2013 Service Pack 1 SJ Web Edition


---------------------
; Table of Contents ;
---------------------
  1. Legal Notice
  2. Flow Summary
  3. Flow Settings
  4. Flow Non-Default Global Settings
  5. Flow Elapsed Time
  6. Flow OS Summary
  7. Flow Log
  8. Flow Messages
  9. Flow Suppressed Messages



----------------
; Legal Notice ;
----------------
Copyright (C) 1991-2013 Altera Corporation
Your use of Altera Corporation's design tools, logic functions 
and other software and tools, and its AMPP partner logic 
functions, and any output files from any of the foregoing 
(including device programming or simulation files), and any 
associated documentation or information are expressly subject 
to the terms and conditions of the Altera Program License 
Subscription Agreement, Altera MegaCore Function License 
Agreement, or other applicable license agreement, including, 
without limitation, that your use is for the sole purpose of 
programming logic devices manufactured by Altera and sold by 
Altera or its authorized distributors.  Please refer to the 
applicable agreement for further details.



+--------------------------------------------------------------------------------------+
; Flow Summary                                                                         ;
+------------------------------------+-------------------------------------------------+
; Flow Status                        ; Successful - Wed Sep 28 13:10:45 2016           ;
; Quartus II 32-bit Version          ; 13.0.1 Build 232 06/12/2013 SP 1 SJ Web Edition ;
; Revision Name                      ; SystemExample                                   ;
; Top-level Entity Name              ; matriz_interface                                ;
; Family                             ; Cyclone II                                      ;
; Device                             ; EP2C50F672C6                                    ;
; Timing Models                      ; Final                                           ;
; Total logic elements               ; 2,673 / 50,528 ( 5 % )                          ;
;     Total combinational functions  ; 2,629 / 50,528 ( 5 % )                          ;
;     Dedicated logic registers      ; 758 / 50,528 ( 2 % )                            ;
; Total registers                    ; 758                                             ;
; Total pins                         ; 85 / 450 ( 19 % )                               ;
; Total virtual pins                 ; 0                                               ;
; Total memory bits                  ; 0 / 594,432 ( 0 % )                             ;
; Embedded Multiplier 9-bit elements ; 0 / 172 ( 0 % )                                 ;
; Total PLLs                         ; 0 / 4 ( 0 % )                                   ;
+------------------------------------+-------------------------------------------------+


+-----------------------------------------+
; Flow Settings                           ;
+-------------------+---------------------+
; Option            ; Setting             ;
+-------------------+---------------------+
; Start date & time ; 09/28/2016 13:08:54 ;
; Main task         ; Compilation         ;
; Revision Name     ; SystemExample       ;
+-------------------+---------------------+


+--------------------------------------------------------------------------------------------------------------------------+
; Flow Non-Default Global Settings                                                                                         ;
+-------------------------------------+--------------------------------+---------------+------------------+----------------+
; Assignment Name                     ; Value                          ; Default Value ; Entity Name      ; Section Id     ;
+-------------------------------------+--------------------------------+---------------+------------------+----------------+
; COMPILER_SIGNATURE_ID               ; 35775006504153.147507893409283 ; --            ; --               ; --             ;
; EDA_OUTPUT_DATA_FORMAT              ; Vhdl                           ; --            ; --               ; eda_simulation ;
; EDA_SIMULATION_TOOL                 ; ModelSim-Altera (VHDL)         ; <None>        ; --               ; --             ;
; MAX_CORE_JUNCTION_TEMP              ; 85                             ; --            ; --               ; --             ;
; MIN_CORE_JUNCTION_TEMP              ; 0                              ; --            ; --               ; --             ;
; PARTITION_COLOR                     ; 16764057                       ; --            ; matriz_interface ; Top            ;
; PARTITION_FITTER_PRESERVATION_LEVEL ; PLACEMENT_AND_ROUTING          ; --            ; matriz_interface ; Top            ;
; PARTITION_NETLIST_TYPE              ; SOURCE                         ; --            ; matriz_interface ; Top            ;
; PROJECT_OUTPUT_DIRECTORY            ; output_files                   ; --            ; --               ; --             ;
; TOP_LEVEL_ENTITY                    ; matriz_interface               ; SystemExample ; --               ; --             ;
+-------------------------------------+--------------------------------+---------------+------------------+----------------+


+-------------------------------------------------------------------------------------------------------------------------------+
; Flow Elapsed Time                                                                                                             ;
+---------------------------+--------------+-------------------------+---------------------+------------------------------------+
; Module Name               ; Elapsed Time ; Average Processors Used ; Peak Virtual Memory ; Total CPU Time (on all processors) ;
+---------------------------+--------------+-------------------------+---------------------+------------------------------------+
; Analysis & Synthesis      ; 00:00:11     ; 1.0                     ; 368 MB              ; 00:00:10                           ;
; Fitter                    ; 00:01:06     ; 1.0                     ; 540 MB              ; 00:01:06                           ;
; Assembler                 ; 00:00:07     ; 1.0                     ; 350 MB              ; 00:00:08                           ;
; TimeQuest Timing Analyzer ; 00:00:03     ; 1.0                     ; 325 MB              ; 00:00:03                           ;
; EDA Netlist Writer        ; 00:00:06     ; 1.0                     ; 324 MB              ; 00:00:06                           ;
; Total                     ; 00:01:33     ; --                      ; --                  ; 00:01:33                           ;
+---------------------------+--------------+-------------------------+---------------------+------------------------------------+


+---------------------------------------------------------------------------------------------+
; Flow OS Summary                                                                             ;
+---------------------------+------------------+----------------+------------+----------------+
; Module Name               ; Machine Hostname ; OS Name        ; OS Version ; Processor type ;
+---------------------------+------------------+----------------+------------+----------------+
; Analysis & Synthesis      ; roberto          ; Ubuntu 14.04.5 ; 14         ; x86_64         ;
; Fitter                    ; roberto          ; Ubuntu 14.04.5 ; 14         ; x86_64         ;
; Assembler                 ; roberto          ; Ubuntu 14.04.5 ; 14         ; x86_64         ;
; TimeQuest Timing Analyzer ; roberto          ; Ubuntu 14.04.5 ; 14         ; x86_64         ;
; EDA Netlist Writer        ; roberto          ; Ubuntu 14.04.5 ; 14         ; x86_64         ;
+---------------------------+------------------+----------------+------------+----------------+


------------
; Flow Log ;
------------
quartus_map --read_settings_files=on --write_settings_files=off SystemExample -c SystemExample
quartus_fit --read_settings_files=off --write_settings_files=off SystemExample -c SystemExample
quartus_asm --read_settings_files=off --write_settings_files=off SystemExample -c SystemExample
quartus_sta SystemExample -c SystemExample
quartus_eda --read_settings_files=off --write_settings_files=off SystemExample -c SystemExample



